[debug] [2024-03-13T12:27:01.684Z] ----------------------------------------------------------------------
[debug] [2024-03-13T12:27:01.688Z] Command:       C:\Program Files\nodejs\node.exe C:\Users\Nguyet Ha\AppData\Roaming\npm\node_modules\firebase-tools\lib\bin\firebase.js init
[debug] [2024-03-13T12:27:01.688Z] CLI Version:   13.4.1
[debug] [2024-03-13T12:27:01.688Z] Platform:      win32
[debug] [2024-03-13T12:27:01.689Z] Node Version:  v20.10.0
[debug] [2024-03-13T12:27:01.689Z] Time:          Wed Mar 13 2024 19:27:01 GMT+0700 (Indochina Time)
[debug] [2024-03-13T12:27:01.689Z] ----------------------------------------------------------------------
[debug] 
[debug] [2024-03-13T12:27:01.697Z] > command requires scopes: ["email","openid","https://www.googleapis.com/auth/cloudplatformprojects.readonly","https://www.googleapis.com/auth/firebase","https://www.googleapis.com/auth/cloud-platform"]
[debug] [2024-03-13T12:27:01.698Z] > authorizing via signed-in user (hantnph28876@fpt.edu.vn)
[info] 
     ######## #### ########  ######## ########     ###     ######  ########
     ##        ##  ##     ## ##       ##     ##  ##   ##  ##       ##
     ######    ##  ########  ######   ########  #########  ######  ######
     ##        ##  ##    ##  ##       ##     ## ##     ##       ## ##
     ##       #### ##     ## ######## ########  ##     ##  ######  ########

You're about to initialize a Firebase project in this directory:

  D:\FPT_Polytechnic\DATN_PhoneHouse\webquantri

[info] 
=== Project Setup
[info] 
[info] First, let's associate this project directory with a Firebase project.
[info] You can create multiple project aliases by running firebase use --add, 
[info] but for now we'll just set up a default project.
[info] 
[debug] [2024-03-13T12:27:19.860Z] >>> [apiv2][query] GET https://firebase.googleapis.com/v1beta1/projects pageSize=100
[debug] [2024-03-13T12:27:20.629Z] <<< [apiv2][status] GET https://firebase.googleapis.com/v1beta1/projects 200
[debug] [2024-03-13T12:27:20.630Z] <<< [apiv2][body] GET https://firebase.googleapis.com/v1beta1/projects [omitted]
[info] i  Using project datn-phonehouse (DATN-PhoneHouse) 
[info] 
=== Hosting Setup
[debug] [2024-03-13T12:27:24.735Z] >>> [apiv2][query] GET https://firebase.googleapis.com/v1beta1/projects/datn-phonehouse [none]
[debug] [2024-03-13T12:27:25.011Z] <<< [apiv2][status] GET https://firebase.googleapis.com/v1beta1/projects/datn-phonehouse 200
[debug] [2024-03-13T12:27:25.011Z] <<< [apiv2][body] GET https://firebase.googleapis.com/v1beta1/projects/datn-phonehouse {"projectId":"datn-phonehouse","projectNumber":"137561163485","displayName":"DATN-PhoneHouse","name":"projects/datn-phonehouse","resources":{"hostingSite":"datn-phonehouse","storageBucket":"datn-phonehouse.appspot.com","locationId":"us-central"},"state":"ACTIVE","etag":"1_883cd87a-da92-4b70-a833-401210b3da69"}
[info] 
[info] Your public directory is the folder (relative to your project directory) that
[info] will contain Hosting assets to be uploaded with firebase deploy. If you
[info] have a build process for your assets, use your build's output directory.
[info] 
[debug] [2024-03-13T12:27:40.024Z] >>> [apiv2][query] GET https://www.gstatic.com/firebasejs/releases.json [none]
[debug] [2024-03-13T12:27:40.168Z] <<< [apiv2][status] GET https://www.gstatic.com/firebasejs/releases.json 200
[debug] [2024-03-13T12:27:40.168Z] <<< [apiv2][body] GET https://www.gstatic.com/firebasejs/releases.json {"current":{"version":"10.8.1","browserURL":"https://www.gstatic.com/firebasejs/10.8.1/firebase.js","packageURL":"https://www.gstatic.com/firebasejs/10.8.1/firebase.tgz"},"live":{"version":"10.8","browserURL":"https://www.gstatic.com/firebasejs/live/10.8/firebase.js","packageURL":"https://www.gstatic.com/firebasejs/live/10.8/firebase.tgz"},"components":{"analytics":"https://www.gstatic.com/firebasejs/10.8.1/firebase-analytics.js","app":"https://www.gstatic.com/firebasejs/10.8.1/firebase-app.js","app-check":"https://www.gstatic.com/firebasejs/10.8.1/firebase-app-check.js","auth":"https://www.gstatic.com/firebasejs/10.8.1/firebase-auth.js","auth/cordova":"https://www.gstatic.com/firebasejs/10.8.1/firebase-auth/cordova.js","auth/web-extension":"https://www.gstatic.com/firebasejs/10.8.1/firebase-auth/web-extension.js","functions":"https://www.gstatic.com/firebasejs/10.8.1/firebase-functions.js","firestore":"https://www.gstatic.com/firebasejs/10.8.1/firebase-firestore.js","firestore/lite":"https://www.gstatic.com/firebasejs/10.8.1/firebase-firestore/lite.js","installations":"https://www.gstatic.com/firebasejs/10.8.1/firebase-installations.js","storage":"https://www.gstatic.com/firebasejs/10.8.1/firebase-storage.js","performance":"https://www.gstatic.com/firebasejs/10.8.1/firebase-performance.js","remote-config":"https://www.gstatic.com/firebasejs/10.8.1/firebase-remote-config.js","messaging":"https://www.gstatic.com/firebasejs/10.8.1/firebase-messaging.js","messaging/sw":"https://www.gstatic.com/firebasejs/10.8.1/firebase-messaging/sw.js","database":"https://www.gstatic.com/firebasejs/10.8.1/firebase-database.js","firestore.memory":"https://www.gstatic.com/firebasejs/10.8.1/firebase-firestore.memory.js"}}
[info] +  Wrote public/index.html 
[info] 
[info] i  Detected a .git folder at D:\FPT_Polytechnic\DATN_PhoneHouse 
[info] i  Authorizing with GitHub to upload your service account to a GitHub repository's secrets store. 
[info] 
[info] Visit this URL on this device to log in:
[info] https://github.com/login/oauth/authorize?client_id=89cf50f02ac6aaed3484&state=216970552&redirect_uri=http%3A%2F%2Flocalhost%3A9005&scope=read%3Auser%20repo%20public_repo
[info] 
[info] Waiting for authentication...
[debug] [2024-03-13T12:27:41.020Z] >>> [apiv2][query] POST https://github.com/login/oauth/access_token [none]
[debug] [2024-03-13T12:27:41.020Z] >>> [apiv2][body] POST https://github.com/login/oauth/access_token [stream]
[debug] [2024-03-13T12:27:41.565Z] <<< [apiv2][status] POST https://github.com/login/oauth/access_token 200
[debug] [2024-03-13T12:27:41.565Z] <<< [apiv2][body] POST https://github.com/login/oauth/access_token {"access_token":"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","token_type":"bearer","scope":"read:user,repo"}
[debug] [2024-03-13T12:27:41.571Z] >>> [apiv2][query] GET https://api.github.com/user [none]
[debug] [2024-03-13T12:27:42.160Z] <<< [apiv2][status] GET https://api.github.com/user 200
[debug] [2024-03-13T12:27:42.160Z] <<< [apiv2][body] GET https://api.github.com/user {"login":"NgoThiNguyetHa","id":127472513,"node_id":"U_kgDOB5kTgQ","avatar_url":"https://avatars.githubusercontent.com/u/127472513?v=4","gravatar_id":"","url":"https://api.github.com/users/NgoThiNguyetHa","html_url":"https://github.com/NgoThiNguyetHa","followers_url":"https://api.github.com/users/NgoThiNguyetHa/followers","following_url":"https://api.github.com/users/NgoThiNguyetHa/following{/other_user}","gists_url":"https://api.github.com/users/NgoThiNguyetHa/gists{/gist_id}","starred_url":"https://api.github.com/users/NgoThiNguyetHa/starred{/owner}{/repo}","subscriptions_url":"https://api.github.com/users/NgoThiNguyetHa/subscriptions","organizations_url":"https://api.github.com/users/NgoThiNguyetHa/orgs","repos_url":"https://api.github.com/users/NgoThiNguyetHa/repos","events_url":"https://api.github.com/users/NgoThiNguyetHa/events{/privacy}","received_events_url":"https://api.github.com/users/NgoThiNguyetHa/received_events","type":"User","site_admin":false,"name":null,"company":null,"blog":"","location":null,"email":null,"hireable":null,"bio":null,"twitter_username":null,"public_repos":12,"public_gists":0,"followers":0,"following":0,"created_at":"2023-03-10T05:50:28Z","updated_at":"2024-02-29T10:03:34Z","private_gists":0,"total_private_repos":1,"owned_private_repos":1,"disk_usage":269864,"collaborators":0,"two_factor_authentication":false,"plan":{"name":"free","space":976562499,"collaborators":0,"private_repos":10000}}
[info] 
[info] +  Success! Logged into GitHub as NgoThiNguyetHa 
[info] 
[debug] [2024-03-13T12:28:07.333Z] >>> [apiv2][query] GET https://api.github.com/repos/repository/actions/secrets/public-key type=owner
[debug] [2024-03-13T12:28:07.804Z] <<< [apiv2][status] GET https://api.github.com/repos/repository/actions/secrets/public-key 404
[debug] [2024-03-13T12:28:07.805Z] <<< [apiv2][body] GET https://api.github.com/repos/repository/actions/secrets/public-key {"message":"Not Found","documentation_url":"https://docs.github.com/rest"}
[info] 
[info] 
[error] !  The provided authorization cannot be used with this repository. If this repository is in an organization, did you remember to grant access? 
[info] 
[info] i  Action required: Visit this URL to ensure access has been granted to the appropriate organization(s) for the Firebase CLI GitHub OAuth App: 
[info] https://github.com/settings/connections/applications/89cf50f02ac6aaed3484
[info] 
[debug] [2024-03-13T12:28:17.639Z] >>> [apiv2][query] GET https://api.github.com/repos/repository/actions/secrets/public-key type=owner
[debug] [2024-03-13T12:28:18.222Z] >>> [apiv2][query] GET https://api.github.com/repos//actions/secrets/public-key type=owner
[debug] [2024-03-13T12:28:18.405Z] <<< [apiv2][status] GET https://api.github.com/repos/repository/actions/secrets/public-key 404
[debug] [2024-03-13T12:28:18.405Z] <<< [apiv2][body] GET https://api.github.com/repos/repository/actions/secrets/public-key {"message":"Not Found","documentation_url":"https://docs.github.com/rest"}
[info] 
[info] 
[error] !  The provided authorization cannot be used with this repository. If this repository is in an organization, did you remember to grant access? 
[info] 
[info] i  Action required: Visit this URL to ensure access has been granted to the appropriate organization(s) for the Firebase CLI GitHub OAuth App: 
[info] https://github.com/settings/connections/applications/89cf50f02ac6aaed3484
[info] 
[debug] [2024-03-13T12:28:18.725Z] <<< [apiv2][status] GET https://api.github.com/repos//actions/secrets/public-key 404
[debug] [2024-03-13T12:28:18.725Z] <<< [apiv2][body] GET https://api.github.com/repos//actions/secrets/public-key {"message":"Not Found","documentation_url":"https://docs.github.com/rest"}
[info] 
[info] 
[error] !  The provided authorization cannot be used with this repository. If this repository is in an organization, did you remember to grant access? 
[info] 
[info] i  Action required: Visit this URL to ensure access has been granted to the appropriate organization(s) for the Firebase CLI GitHub OAuth App: 
[info] https://github.com/settings/connections/applications/89cf50f02ac6aaed3484
[info] 
[debug] [2024-03-13T12:43:57.694Z] >>> [apiv2][query] GET https://api.github.com/repos/user/actions/secrets/public-key type=owner
[debug] [2024-03-13T12:43:58.193Z] <<< [apiv2][status] GET https://api.github.com/repos/user/actions/secrets/public-key 404
[debug] [2024-03-13T12:43:58.194Z] <<< [apiv2][body] GET https://api.github.com/repos/user/actions/secrets/public-key {"message":"Not Found","documentation_url":"https://docs.github.com/rest"}
[info] 
[info] 
[error] !  The provided authorization cannot be used with this repository. If this repository is in an organization, did you remember to grant access? 
[info] 
[info] i  Action required: Visit this URL to ensure access has been granted to the appropriate organization(s) for the Firebase CLI GitHub OAuth App: 
[info] https://github.com/settings/connections/applications/89cf50f02ac6aaed3484
[info] 
[debug] [2024-03-13T12:47:46.462Z] >>> [apiv2][query] GET https://api.github.com/repos/repository/actions/secrets/public-key type=owner
[debug] [2024-03-13T12:47:46.975Z] <<< [apiv2][status] GET https://api.github.com/repos/repository/actions/secrets/public-key 401
[debug] [2024-03-13T12:47:46.975Z] <<< [apiv2][body] GET https://api.github.com/repos/repository/actions/secrets/public-key {"message":"Bad credentials","documentation_url":"https://docs.github.com/rest"}
[debug] [2024-03-13T12:47:53.646Z] >>> [apiv2][query] GET https://api.github.com/repos/repository/actions/secrets/public-key type=owner
[debug] [2024-03-13T12:47:54.107Z] <<< [apiv2][status] GET https://api.github.com/repos/repository/actions/secrets/public-key 401
[debug] [2024-03-13T12:47:54.108Z] <<< [apiv2][body] GET https://api.github.com/repos/repository/actions/secrets/public-key {"message":"Bad credentials","documentation_url":"https://docs.github.com/rest"}
[debug] [2024-03-13T12:47:57.251Z] >>> [apiv2][query] GET https://api.github.com/repos/repository/actions/secrets/public-key type=owner
[debug] [2024-03-13T12:47:57.596Z] <<< [apiv2][status] GET https://api.github.com/repos/repository/actions/secrets/public-key 401
[debug] [2024-03-13T12:47:57.596Z] <<< [apiv2][body] GET https://api.github.com/repos/repository/actions/secrets/public-key {"message":"Bad credentials","documentation_url":"https://docs.github.com/rest"}
[debug] [2024-03-13T12:48:05.206Z] >>> [apiv2][query] GET https://api.github.com/repos/repository/actions/secrets/public-key type=owner
[debug] [2024-03-13T12:48:05.661Z] <<< [apiv2][status] GET https://api.github.com/repos/repository/actions/secrets/public-key 401
[debug] [2024-03-13T12:48:05.662Z] <<< [apiv2][body] GET https://api.github.com/repos/repository/actions/secrets/public-key {"message":"Bad credentials","documentation_url":"https://docs.github.com/rest"}
[debug] [2024-03-13T12:48:11.701Z] >>> [apiv2][query] GET https://api.github.com/repos/user/actions/secrets/public-key type=owner
[debug] [2024-03-13T12:48:12.159Z] <<< [apiv2][status] GET https://api.github.com/repos/user/actions/secrets/public-key 401
[debug] [2024-03-13T12:48:12.160Z] <<< [apiv2][body] GET https://api.github.com/repos/user/actions/secrets/public-key {"message":"Bad credentials","documentation_url":"https://docs.github.com/rest"}
