#
# There is insufficient memory for the Java Runtime Environment to continue.
# Native memory allocation (malloc) failed to allocate 982096 bytes for Chunk::new
# Possible reasons:
#   The system is out of physical RAM or swap space
#   The process is running with CompressedOops enabled, and the Java Heap may be blocking the growth of the native heap
# Possible solutions:
#   Reduce memory load on the system
#   Increase physical memory or swap space
#   Check if swap backing store is full
#   Decrease Java heap size (-Xmx/-Xms)
#   Decrease number of Java threads
#   Decrease Java thread stack sizes (-Xss)
#   Set larger code cache with -XX:ReservedCodeCacheSize=
#   JVM is running with Unscaled Compressed Oops mode in which the Java heap is
#     placed in the first 4GB address space. The Java Heap base address is the
#     maximum limit for the native heap growth. Please use -XX:HeapBaseMinAddress
#     to set the Java Heap base and to place the Java Heap above 4GB virtual address.
# This output file may be truncated or incomplete.
#
#  Out of Memory Error (arena.cpp:189), pid=15196, tid=13284
#
# JRE version: OpenJDK Runtime Environment (17.0.6) (build 17.0.6+0-b2043.56-10027231)
# Java VM: OpenJDK 64-Bit Server VM (17.0.6+0-b2043.56-10027231, mixed mode, tiered, compressed oops, compressed class ptrs, g1 gc, windows-amd64)
# No core dump will be written. Minidumps are not enabled by default on client versions of Windows
#

---------------  S U M M A R Y ------------

Command Line: --add-opens=java.base/java.util=ALL-UNNAMED --add-opens=java.base/java.lang=ALL-UNNAMED --add-opens=java.base/java.lang.invoke=ALL-UNNAMED --add-opens=java.prefs/java.util.prefs=ALL-UNNAMED --add-opens=java.base/java.nio.charset=ALL-UNNAMED --add-opens=java.base/java.net=ALL-UNNAMED --add-opens=java.base/java.util.concurrent.atomic=ALL-UNNAMED -Xmx2048m -Dfile.encoding=UTF-8 -Duser.country=US -Duser.language=en -Duser.variant -javaagent:C:\Users\PV LONG\.gradle\wrapper\dists\gradle-8.2-bin\bbg7u40eoinfdyxsxr3z4i7ta\gradle-8.2\lib\agents\gradle-instrumentation-agent-8.2.jar org.gradle.launcher.daemon.bootstrap.GradleDaemon 8.2

Host: Intel(R) Core(TM) i7-8565U CPU @ 1.80GHz, 8 cores, 7G,  Windows 10 , 64 bit Build 19041 (10.0.19041.3636)
Time: Fri Mar 22 14:10:23 2024 SE Asia Standard Time elapsed time: 903.526542 seconds (0d 0h 15m 3s)

---------------  T H R E A D  ---------------

Current thread (0x0000022b6203a100):  JavaThread "C2 CompilerThread0" daemon [_thread_in_native, id=13284, stack(0x000000e178200000,0x000000e178300000)]


Current CompileTask:
C2: 903526 15656       4       org.gradle.internal.component.model.DefaultAttributeMatcher::matches (169 bytes)

Stack: [0x000000e178200000,0x000000e178300000]
Native frames: (J=compiled Java code, j=interpreted, Vv=VM code, C=native code)
V  [jvm.dll+0x683c9a]
V  [jvm.dll+0x8427a4]
V  [jvm.dll+0x843f9e]
V  [jvm.dll+0x844603]
V  [jvm.dll+0x249b75]
V  [jvm.dll+0xabcac]
V  [jvm.dll+0xac27c]
V  [jvm.dll+0x368857]
V  [jvm.dll+0x1bd0b8]
V  [jvm.dll+0x21c359]
V  [jvm.dll+0x21b621]
V  [jvm.dll+0x1a4fdd]
V  [jvm.dll+0x22b098]
V  [jvm.dll+0x229159]
V  [jvm.dll+0x7f81ec]
V  [jvm.dll+0x7f274a]
V  [jvm.dll+0x682ad5]
C  [ucrtbase.dll+0x21bb2]
C  [KERNEL32.DLL+0x17344]
C  [ntdll.dll+0x526b1]


---------------  P R O C E S S  ---------------

Threads class SMR info:
_java_thread_list=0x0000022b6c30c040, length=81, elements={
0x0000022b478f1df0, 0x0000022b617736f0, 0x0000022b61774470, 0x0000022b6177a1e0,
0x0000022b6177bcb0, 0x0000022b6177e580, 0x0000022b6202e000, 0x0000022b6203a100,
0x0000022b6203aa00, 0x0000022b6203d310, 0x0000022b616e9610, 0x0000022b622c8470,
0x0000022b649aa100, 0x0000022b64a00070, 0x0000022b64c2e420, 0x0000022b631a6210,
0x0000022b631a7550, 0x0000022b631a5d40, 0x0000022b631a7080, 0x0000022b631a7a20,
0x0000022b65ed9aa0, 0x0000022b65ed8c30, 0x0000022b65edc120, 0x0000022b65ed7420,
0x0000022b65edd460, 0x0000022b65edb780, 0x0000022b65ed9f70, 0x0000022b65edbc50,
0x0000022b65eda910, 0x0000022b65ed60e0, 0x0000022b651924a0, 0x0000022b651971a0,
0x0000022b65194b20, 0x0000022b67a68310, 0x0000022b67a67970, 0x0000022b67a687e0,
0x0000022b67a6ae60, 0x0000022b67a69180, 0x0000022b67a6de80, 0x0000022b67a6a4c0,
0x0000022b67a6a990, 0x0000022b67a66630, 0x0000022b67a6b800, 0x0000022b67a6d010,
0x0000022b67a6d9b0, 0x0000022b67a6bcd0, 0x0000022b67a68cb0, 0x0000022b67a6c1a0,
0x0000022b67a6d4e0, 0x0000022b67a67e40, 0x0000022b67a69650, 0x0000022b67a69b20,
0x0000022b657f1db0, 0x0000022b657f2750, 0x0000022b657f5770, 0x0000022b657f3a90,
0x0000022b657f5c40, 0x0000022b657f0a70, 0x0000022b657f3f60, 0x0000022b657f4dd0,
0x0000022b657f65e0, 0x0000022b657f52a0, 0x0000022b657f6110, 0x0000022b657f6ab0,
0x0000022b657f6f80, 0x0000022b657f7920, 0x0000022b657f00d0, 0x0000022b657f2280,
0x0000022b657f05a0, 0x0000022b657f0f40, 0x0000022b657f1410, 0x0000022b657f2c20,
0x0000022b6b516090, 0x0000022b6b516560, 0x0000022b6b5190b0, 0x0000022b6b516a30,
0x0000022b6b518240, 0x0000022b6b513540, 0x0000022b6b514880, 0x0000022b6b5173d0,
0x0000022b6b513a10
}

Java Threads: ( => current thread )
  0x0000022b478f1df0 JavaThread "main" [_thread_blocked, id=15032, stack(0x000000e177500000,0x000000e177600000)]
  0x0000022b617736f0 JavaThread "Reference Handler" daemon [_thread_blocked, id=8768, stack(0x000000e177c00000,0x000000e177d00000)]
  0x0000022b61774470 JavaThread "Finalizer" daemon [_thread_blocked, id=3732, stack(0x000000e177d00000,0x000000e177e00000)]
  0x0000022b6177a1e0 JavaThread "Signal Dispatcher" daemon [_thread_blocked, id=12760, stack(0x000000e177e00000,0x000000e177f00000)]
  0x0000022b6177bcb0 JavaThread "Attach Listener" daemon [_thread_blocked, id=8944, stack(0x000000e177f00000,0x000000e178000000)]
  0x0000022b6177e580 JavaThread "Service Thread" daemon [_thread_blocked, id=13168, stack(0x000000e178000000,0x000000e178100000)]
  0x0000022b6202e000 JavaThread "Monitor Deflation Thread" daemon [_thread_blocked, id=6868, stack(0x000000e178100000,0x000000e178200000)]
=>0x0000022b6203a100 JavaThread "C2 CompilerThread0" daemon [_thread_in_native, id=13284, stack(0x000000e178200000,0x000000e178300000)]
  0x0000022b6203aa00 JavaThread "C1 CompilerThread0" daemon [_thread_blocked, id=7412, stack(0x000000e178300000,0x000000e178400000)]
  0x0000022b6203d310 JavaThread "Sweeper thread" daemon [_thread_blocked, id=3272, stack(0x000000e178400000,0x000000e178500000)]
  0x0000022b616e9610 JavaThread "Common-Cleaner" daemon [_thread_blocked, id=7684, stack(0x000000e178500000,0x000000e178600000)]
  0x0000022b622c8470 JavaThread "Notification Thread" daemon [_thread_blocked, id=6692, stack(0x000000e178600000,0x000000e178700000)]
  0x0000022b649aa100 JavaThread "Daemon health stats" [_thread_blocked, id=11080, stack(0x000000e178d00000,0x000000e178e00000)]
  0x0000022b64a00070 JavaThread "Incoming local TCP Connector on port 63779" [_thread_in_native, id=11668, stack(0x000000e178e00000,0x000000e178f00000)]
  0x0000022b64c2e420 JavaThread "Daemon periodic checks" [_thread_blocked, id=2300, stack(0x000000e178f00000,0x000000e179000000)]
  0x0000022b631a6210 JavaThread "Cache worker for journal cache (C:\Users\PV LONG\.gradle\caches\journal-1)" [_thread_blocked, id=10080, stack(0x000000e179a00000,0x000000e179b00000)]
  0x0000022b631a7550 JavaThread "File lock request listener" [_thread_in_native, id=14644, stack(0x000000e179b00000,0x000000e179c00000)]
  0x0000022b631a5d40 JavaThread "Cache worker for file hash cache (C:\Users\PV LONG\.gradle\caches\8.2\fileHashes)" [_thread_blocked, id=4280, stack(0x000000e179d00000,0x000000e179e00000)]
  0x0000022b631a7080 JavaThread "File watcher server" daemon [_thread_in_native, id=8320, stack(0x000000e179e00000,0x000000e179f00000)]
  0x0000022b631a7a20 JavaThread "File watcher consumer" daemon [_thread_blocked, id=7288, stack(0x000000e179f00000,0x000000e17a000000)]
  0x0000022b65ed9aa0 JavaThread "Cache worker for file content cache (C:\Users\PV LONG\.gradle\caches\8.2\fileContent)" [_thread_blocked, id=8636, stack(0x000000e17a200000,0x000000e17a300000)]
  0x0000022b65ed8c30 JavaThread "Cache worker for execution history cache (C:\Users\PV LONG\.gradle\caches\8.2\executionHistory)" [_thread_blocked, id=13720, stack(0x000000e17a500000,0x000000e17a600000)]
  0x0000022b65edc120 JavaThread "jar transforms" [_thread_blocked, id=8500, stack(0x000000e17a700000,0x000000e17a800000)]
  0x0000022b65ed7420 JavaThread "jar transforms Thread 2" [_thread_blocked, id=15024, stack(0x000000e17a800000,0x000000e17a900000)]
  0x0000022b65edd460 JavaThread "Cache worker for kotlin-dsl (C:\Users\PV LONG\.gradle\caches\8.2\kotlin-dsl)" [_thread_blocked, id=8680, stack(0x000000e17a900000,0x000000e17aa00000)]
  0x0000022b65edb780 JavaThread "jar transforms Thread 3" [_thread_blocked, id=2212, stack(0x000000e17aa00000,0x000000e17ab00000)]
  0x0000022b65ed9f70 JavaThread "jar transforms Thread 4" [_thread_blocked, id=1056, stack(0x000000e17ab00000,0x000000e17ac00000)]
  0x0000022b65edbc50 JavaThread "jar transforms Thread 5" [_thread_blocked, id=8940, stack(0x000000e17ac00000,0x000000e17ad00000)]
  0x0000022b65eda910 JavaThread "jar transforms Thread 6" [_thread_blocked, id=12684, stack(0x000000e17ad00000,0x000000e17ae00000)]
  0x0000022b65ed60e0 JavaThread "jar transforms Thread 7" [_thread_blocked, id=12768, stack(0x000000e17b000000,0x000000e17b100000)]
  0x0000022b651924a0 JavaThread "jar transforms Thread 8" [_thread_blocked, id=13280, stack(0x000000e17b100000,0x000000e17b200000)]
  0x0000022b651971a0 JavaThread "Memory manager" [_thread_blocked, id=10300, stack(0x000000e17ba00000,0x000000e17bb00000)]
  0x0000022b65194b20 JavaThread "pool-3-thread-1" [_thread_blocked, id=14304, stack(0x000000e17bb00000,0x000000e17bc00000)]
  0x0000022b67a68310 JavaThread "Daemon Thread 2" [_thread_blocked, id=4152, stack(0x000000e100000000,0x000000e100100000)]
  0x0000022b67a67970 JavaThread "Handler for socket connection from /127.0.0.1:63779 to /127.0.0.1:64298" [_thread_in_native, id=8212, stack(0x000000e100100000,0x000000e100200000)]
  0x0000022b67a687e0 JavaThread "Cancel handler" [_thread_blocked, id=8480, stack(0x000000e100200000,0x000000e100300000)]
  0x0000022b67a6ae60 JavaThread "Daemon worker Thread 2" [_thread_blocked, id=12788, stack(0x000000e100300000,0x000000e100400000)]
  0x0000022b67a69180 JavaThread "Asynchronous log dispatcher for DefaultDaemonConnection: socket connection from /127.0.0.1:63779 to /127.0.0.1:64298" [_thread_blocked, id=8744, stack(0x000000e100400000,0x000000e100500000)]
  0x0000022b67a6de80 JavaThread "Stdin handler" [_thread_blocked, id=3064, stack(0x000000e100500000,0x000000e100600000)]
  0x0000022b67a6a4c0 JavaThread "Daemon client event forwarder" [_thread_blocked, id=15252, stack(0x000000e100600000,0x000000e100700000)]
  0x0000022b67a6a990 JavaThread "Cache worker for checksums cache (C:\Users\PV LONG\Desktop\DATN_PhoneHouse\AppKhachHang\.gradle\8.2\checksums)" [_thread_blocked, id=6700, stack(0x000000e100700000,0x000000e100800000)]
  0x0000022b67a66630 JavaThread "Cache worker for cache directory md-rule (C:\Users\PV LONG\.gradle\caches\8.2\md-rule)" [_thread_blocked, id=8884, stack(0x000000e100800000,0x000000e100900000)]
  0x0000022b67a6b800 JavaThread "Cache worker for file hash cache (C:\Users\PV LONG\Desktop\DATN_PhoneHouse\AppKhachHang\.gradle\8.2\fileHashes)" [_thread_blocked, id=10560, stack(0x000000e100900000,0x000000e100a00000)]
  0x0000022b67a6d010 JavaThread "Cache worker for cache directory md-supplier (C:\Users\PV LONG\.gradle\caches\8.2\md-supplier)" [_thread_blocked, id=8240, stack(0x000000e100a00000,0x000000e100b00000)]
  0x0000022b67a6d9b0 JavaThread "Cache worker for dependencies-accessors (C:\Users\PV LONG\Desktop\DATN_PhoneHouse\AppKhachHang\.gradle\8.2\dependencies-accessors)" [_thread_blocked, id=10384, stack(0x000000e100b00000,0x000000e100c00000)]
  0x0000022b67a6bcd0 JavaThread "Cache worker for Build Output Cleanup Cache (C:\Users\PV LONG\Desktop\DATN_PhoneHouse\AppKhachHang\.gradle\buildOutputCleanup)" [_thread_blocked, id=13112, stack(0x000000e100c00000,0x000000e100d00000)]
  0x0000022b67a68cb0 JavaThread "Unconstrained build operations" [_thread_blocked, id=1780, stack(0x000000e100d00000,0x000000e100e00000)]
  0x0000022b67a6c1a0 JavaThread "Unconstrained build operations Thread 2" [_thread_blocked, id=12848, stack(0x000000e100e00000,0x000000e100f00000)]
  0x0000022b67a6d4e0 JavaThread "Unconstrained build operations Thread 3" [_thread_blocked, id=2552, stack(0x000000e100f00000,0x000000e101000000)]
  0x0000022b67a67e40 JavaThread "Unconstrained build operations Thread 4" [_thread_blocked, id=9600, stack(0x000000e101000000,0x000000e101100000)]
  0x0000022b67a69650 JavaThread "Unconstrained build operations Thread 5" [_thread_blocked, id=2568, stack(0x000000e101100000,0x000000e101200000)]
  0x0000022b67a69b20 JavaThread "Unconstrained build operations Thread 6" [_thread_blocked, id=15004, stack(0x000000e101200000,0x000000e101300000)]
  0x0000022b657f1db0 JavaThread "Unconstrained build operations Thread 7" [_thread_blocked, id=12312, stack(0x000000e101300000,0x000000e101400000)]
  0x0000022b657f2750 JavaThread "build event listener" [_thread_blocked, id=12472, stack(0x000000e101400000,0x000000e101500000)]
  0x0000022b657f5770 JavaThread "pool-8-thread-1" [_thread_blocked, id=6020, stack(0x000000e101500000,0x000000e101600000)]
  0x0000022b657f3a90 JavaThread "build event listener" [_thread_blocked, id=11888, stack(0x000000e101600000,0x000000e101700000)]
  0x0000022b657f5c40 JavaThread "included builds" [_thread_blocked, id=14392, stack(0x000000e101700000,0x000000e101800000)]
  0x0000022b657f0a70 JavaThread "Execution worker" [_thread_blocked, id=4588, stack(0x000000e101800000,0x000000e101900000)]
  0x0000022b657f3f60 JavaThread "Execution worker Thread 2" [_thread_blocked, id=14296, stack(0x000000e101900000,0x000000e101a00000)]
  0x0000022b657f4dd0 JavaThread "Execution worker Thread 3" [_thread_blocked, id=13684, stack(0x000000e101a00000,0x000000e101b00000)]
  0x0000022b657f65e0 JavaThread "Execution worker Thread 4" [_thread_blocked, id=13652, stack(0x000000e101b00000,0x000000e101c00000)]
  0x0000022b657f52a0 JavaThread "Execution worker Thread 5" [_thread_blocked, id=14960, stack(0x000000e101c00000,0x000000e101d00000)]
  0x0000022b657f6110 JavaThread "Execution worker Thread 6" [_thread_blocked, id=10896, stack(0x000000e101d00000,0x000000e101e00000)]
  0x0000022b657f6ab0 JavaThread "Execution worker Thread 7" [_thread_in_Java, id=7392, stack(0x000000e101e00000,0x000000e101f00000)]
  0x0000022b657f6f80 JavaThread "Cache worker for execution history cache (C:\Users\PV LONG\Desktop\DATN_PhoneHouse\AppKhachHang\.gradle\8.2\executionHistory)" [_thread_blocked, id=1516, stack(0x000000e101f00000,0x000000e102000000)]
  0x0000022b657f7920 JavaThread "Unconstrained build operations Thread 8" [_thread_blocked, id=3100, stack(0x000000e102000000,0x000000e102100000)]
  0x0000022b657f00d0 JavaThread "Unconstrained build operations Thread 9" [_thread_blocked, id=6092, stack(0x000000e102100000,0x000000e102200000)]
  0x0000022b657f2280 JavaThread "Unconstrained build operations Thread 10" [_thread_blocked, id=14628, stack(0x000000e102200000,0x000000e102300000)]
  0x0000022b657f05a0 JavaThread "Unconstrained build operations Thread 11" [_thread_blocked, id=11976, stack(0x000000e102300000,0x000000e102400000)]
  0x0000022b657f0f40 JavaThread "Unconstrained build operations Thread 12" [_thread_blocked, id=10068, stack(0x000000e102400000,0x000000e102500000)]
  0x0000022b657f1410 JavaThread "Unconstrained build operations Thread 13" [_thread_blocked, id=10572, stack(0x000000e102500000,0x000000e102600000)]
  0x0000022b657f2c20 JavaThread "Unconstrained build operations Thread 14" [_thread_blocked, id=12776, stack(0x000000e102600000,0x000000e102700000)]
  0x0000022b6b516090 JavaThread "WorkerExecutor Queue" [_thread_in_native, id=4880, stack(0x000000e102d00000,0x000000e102e00000)]
  0x0000022b6b516560 JavaThread "WorkerExecutor Queue Thread 2" [_thread_blocked, id=11616, stack(0x000000e102f00000,0x000000e103000000)]
  0x0000022b6b5190b0 JavaThread "Unconstrained build operations Thread 15" [_thread_blocked, id=5332, stack(0x000000e103000000,0x000000e103100000)]
  0x0000022b6b516a30 JavaThread "Unconstrained build operations Thread 16" [_thread_blocked, id=13532, stack(0x000000e103100000,0x000000e103200000)]
  0x0000022b6b518240 JavaThread "Unconstrained build operations Thread 17" [_thread_blocked, id=9356, stack(0x000000e103200000,0x000000e103300000)]
  0x0000022b6b513540 JavaThread "Unconstrained build operations Thread 18" [_thread_blocked, id=8776, stack(0x000000e103300000,0x000000e103400000)]
  0x0000022b6b514880 JavaThread "Unconstrained build operations Thread 19" [_thread_blocked, id=13064, stack(0x000000e103400000,0x000000e103500000)]
  0x0000022b6b5173d0 JavaThread "Unconstrained build operations Thread 20" [_thread_blocked, id=8908, stack(0x000000e103500000,0x000000e103600000)]
  0x0000022b6b513a10 JavaThread "Unconstrained build operations Thread 21" [_thread_blocked, id=9708, stack(0x000000e103600000,0x000000e103700000)]

Other Threads:
  0x0000022b61760a40 VMThread "VM Thread" [stack: 0x000000e177b00000,0x000000e177c00000] [id=11064]
  0x0000022b4797beb0 WatcherThread [stack: 0x000000e178700000,0x000000e178800000] [id=12948]
  0x0000022b47954820 GCTaskThread "GC Thread#0" [stack: 0x000000e177600000,0x000000e177700000] [id=13704]
  0x0000022b6339fa00 GCTaskThread "GC Thread#1" [stack: 0x000000e178900000,0x000000e178a00000] [id=13380]
  0x0000022b63636ea0 GCTaskThread "GC Thread#2" [stack: 0x000000e178a00000,0x000000e178b00000] [id=14604]
  0x0000022b62e18bd0 GCTaskThread "GC Thread#3" [stack: 0x000000e178b00000,0x000000e178c00000] [id=3720]
  0x0000022b628e7940 GCTaskThread "GC Thread#4" [stack: 0x000000e178c00000,0x000000e178d00000] [id=11332]
  0x0000022b64b78a10 GCTaskThread "GC Thread#5" [stack: 0x000000e178800000,0x000000e178900000] [id=9864]
  0x0000022b64eb1020 GCTaskThread "GC Thread#6" [stack: 0x000000e179700000,0x000000e179800000] [id=7240]
  0x0000022b64b4c400 GCTaskThread "GC Thread#7" [stack: 0x000000e179800000,0x000000e179900000] [id=4772]
  0x0000022b47966e20 ConcurrentGCThread "G1 Main Marker" [stack: 0x000000e177700000,0x000000e177800000] [id=14620]
  0x0000022b47967740 ConcurrentGCThread "G1 Conc#0" [stack: 0x000000e177800000,0x000000e177900000] [id=13424]
  0x0000022b635e6a00 ConcurrentGCThread "G1 Conc#1" [stack: 0x000000e179900000,0x000000e179a00000] [id=12184]
  0x0000022b479be4f0 ConcurrentGCThread "G1 Refine#0" [stack: 0x000000e177900000,0x000000e177a00000] [id=12516]
  0x0000022b65305ff0 ConcurrentGCThread "G1 Refine#1" [stack: 0x000000e17a600000,0x000000e17a700000] [id=8928]
  0x0000022b64c48b50 ConcurrentGCThread "G1 Refine#2" [stack: 0x000000e102700000,0x000000e102800000] [id=10508]
  0x0000022b64c48e30 ConcurrentGCThread "G1 Refine#3" [stack: 0x000000e102800000,0x000000e102900000] [id=9172]
  0x0000022b64c49f70 ConcurrentGCThread "G1 Refine#4" [stack: 0x000000e102900000,0x000000e102a00000] [id=12884]
  0x0000022b64c49110 ConcurrentGCThread "G1 Refine#5" [stack: 0x000000e102a00000,0x000000e102b00000] [id=12920]
  0x0000022b64c47450 ConcurrentGCThread "G1 Refine#6" [stack: 0x000000e102b00000,0x000000e102c00000] [id=5116]
  0x0000022b64c47a10 ConcurrentGCThread "G1 Refine#7" [stack: 0x000000e102c00000,0x000000e102d00000] [id=13204]
  0x0000022b615b30d0 ConcurrentGCThread "G1 Service" [stack: 0x000000e177a00000,0x000000e177b00000] [id=7936]

Threads with active compile tasks:
C2 CompilerThread0   903677 15656       4       org.gradle.internal.component.model.DefaultAttributeMatcher::matches (169 bytes)

VM state: not at safepoint (normal execution)

VM Mutex/Monitor currently owned by a thread: None

Heap address: 0x0000000080000000, size: 2048 MB, Compressed Oops mode: 32-bit

CDS archive(s) not mapped
Compressed class space mapped at: 0x0000000100000000-0x0000000140000000, reserved size: 1073741824
Narrow klass base: 0x0000000000000000, Narrow klass shift: 3, Narrow klass range: 0x140000000

GC Precious Log:
 CPUs: 8 total, 8 available
 Memory: 8067M
 Large Page Support: Disabled
 NUMA Support: Disabled
 Compressed Oops: Enabled (32-bit)
 Heap Region Size: 1M
 Heap Min Capacity: 8M
 Heap Initial Capacity: 128M
 Heap Max Capacity: 2G
 Pre-touch: Disabled
 Parallel Workers: 8
 Concurrent Workers: 2
 Concurrent Refinement Workers: 8
 Periodic GC: Disabled

Heap:
 garbage-first heap   total 314368K, used 153313K [0x0000000080000000, 0x0000000100000000)
  region size 1024K, 19 young (19456K), 4 survivors (4096K)
 Metaspace       used 111098K, committed 111936K, reserved 1146880K
  class space    used 14696K, committed 15104K, reserved 1048576K

Heap Regions: E=young(eden), S=young(survivor), O=old, HS=humongous(starts), HC=humongous(continues), CS=collection set, F=free, OA=open archive, CA=closed archive, TAMS=top-at-mark-start (previous, next)
|   0|0x0000000080000000, 0x0000000080100000, 0x0000000080100000|100%|HS|  |TAMS 0x0000000080100000, 0x0000000080000000| Complete 
|   1|0x0000000080100000, 0x0000000080200000, 0x0000000080200000|100%|HC|  |TAMS 0x0000000080200000, 0x0000000080100000| Complete 
|   2|0x0000000080200000, 0x0000000080300000, 0x0000000080300000|100%|HC|  |TAMS 0x0000000080300000, 0x0000000080200000| Complete 
|   3|0x0000000080300000, 0x0000000080400000, 0x0000000080400000|100%|HC|  |TAMS 0x0000000080400000, 0x0000000080300000| Complete 
|   4|0x0000000080400000, 0x0000000080500000, 0x0000000080500000|100%| O|  |TAMS 0x0000000080500000, 0x0000000080400000| Untracked 
|   5|0x0000000080500000, 0x0000000080600000, 0x0000000080600000|100%| O|  |TAMS 0x0000000080600000, 0x0000000080500000| Untracked 
|   6|0x0000000080600000, 0x0000000080700000, 0x0000000080700000|100%| O|  |TAMS 0x0000000080700000, 0x0000000080600000| Untracked 
|   7|0x0000000080700000, 0x0000000080800000, 0x0000000080800000|100%| O|  |TAMS 0x0000000080800000, 0x0000000080700000| Untracked 
|   8|0x0000000080800000, 0x0000000080900000, 0x0000000080900000|100%| O|  |TAMS 0x0000000080900000, 0x0000000080800000| Untracked 
|   9|0x0000000080900000, 0x0000000080a00000, 0x0000000080a00000|100%| O|  |TAMS 0x0000000080a00000, 0x0000000080900000| Untracked 
|  10|0x0000000080a00000, 0x0000000080b00000, 0x0000000080b00000|100%| O|  |TAMS 0x0000000080b00000, 0x0000000080a00000| Untracked 
|  11|0x0000000080b00000, 0x0000000080bb8600, 0x0000000080c00000| 72%| O|  |TAMS 0x0000000080bb8600, 0x0000000080b00000| Untracked 
|  12|0x0000000080c00000, 0x0000000080d00000, 0x0000000080d00000|100%| O|  |TAMS 0x0000000080d00000, 0x0000000080c00000| Untracked 
|  13|0x0000000080d00000, 0x0000000080e00000, 0x0000000080e00000|100%| O|  |TAMS 0x0000000080e00000, 0x0000000080d00000| Untracked 
|  14|0x0000000080e00000, 0x0000000080f00000, 0x0000000080f00000|100%| O|  |TAMS 0x0000000080f00000, 0x0000000080e00000| Untracked 
|  15|0x0000000080f00000, 0x0000000081000000, 0x0000000081000000|100%| O|  |TAMS 0x0000000081000000, 0x0000000080f00000| Untracked 
|  16|0x0000000081000000, 0x0000000081100000, 0x0000000081100000|100%| O|  |TAMS 0x0000000081100000, 0x0000000081000000| Untracked 
|  17|0x0000000081100000, 0x0000000081200000, 0x0000000081200000|100%| O|  |TAMS 0x0000000081200000, 0x0000000081100000| Untracked 
|  18|0x0000000081200000, 0x0000000081300000, 0x0000000081300000|100%| O|  |TAMS 0x0000000081300000, 0x0000000081200000| Untracked 
|  19|0x0000000081300000, 0x0000000081400000, 0x0000000081400000|100%| O|  |TAMS 0x0000000081400000, 0x0000000081300000| Untracked 
|  20|0x0000000081400000, 0x0000000081500000, 0x0000000081500000|100%| O|  |TAMS 0x0000000081500000, 0x0000000081400000| Untracked 
|  21|0x0000000081500000, 0x0000000081600000, 0x0000000081600000|100%| O|  |TAMS 0x0000000081600000, 0x0000000081500000| Untracked 
|  22|0x0000000081600000, 0x0000000081700000, 0x0000000081700000|100%| O|  |TAMS 0x0000000081700000, 0x0000000081600000| Untracked 
|  23|0x0000000081700000, 0x0000000081800000, 0x0000000081800000|100%| O|  |TAMS 0x0000000081800000, 0x0000000081700000| Untracked 
|  24|0x0000000081800000, 0x0000000081900000, 0x0000000081900000|100%| O|  |TAMS 0x0000000081900000, 0x0000000081800000| Untracked 
|  25|0x0000000081900000, 0x0000000081a00000, 0x0000000081a00000|100%| O|  |TAMS 0x0000000081a00000, 0x0000000081900000| Untracked 
|  26|0x0000000081a00000, 0x0000000081b00000, 0x0000000081b00000|100%| O|  |TAMS 0x0000000081a00000, 0x0000000081a00000| Untracked 
|  27|0x0000000081b00000, 0x0000000081c00000, 0x0000000081c00000|100%| O|  |TAMS 0x0000000081c00000, 0x0000000081b00000| Untracked 
|  28|0x0000000081c00000, 0x0000000081d00000, 0x0000000081d00000|100%|HS|  |TAMS 0x0000000081d00000, 0x0000000081c00000| Complete 
|  29|0x0000000081d00000, 0x0000000081e00000, 0x0000000081e00000|100%| O|  |TAMS 0x0000000081e00000, 0x0000000081d00000| Untracked 
|  30|0x0000000081e00000, 0x0000000081f00000, 0x0000000081f00000|100%| O|  |TAMS 0x0000000081f00000, 0x0000000081e00000| Untracked 
|  31|0x0000000081f00000, 0x0000000082000000, 0x0000000082000000|100%| O|  |TAMS 0x0000000082000000, 0x0000000081f00000| Untracked 
|  32|0x0000000082000000, 0x0000000082100000, 0x0000000082100000|100%| O|  |TAMS 0x0000000082100000, 0x0000000082000000| Untracked 
|  33|0x0000000082100000, 0x0000000082200000, 0x0000000082200000|100%|HS|  |TAMS 0x0000000082200000, 0x0000000082100000| Complete 
|  34|0x0000000082200000, 0x0000000082300000, 0x0000000082300000|100%|HS|  |TAMS 0x0000000082300000, 0x0000000082200000| Complete 
|  35|0x0000000082300000, 0x0000000082400000, 0x0000000082400000|100%| O|  |TAMS 0x0000000082400000, 0x0000000082300000| Untracked 
|  36|0x0000000082400000, 0x0000000082500000, 0x0000000082500000|100%| O|  |TAMS 0x0000000082500000, 0x0000000082400000| Untracked 
|  37|0x0000000082500000, 0x0000000082600000, 0x0000000082600000|100%| O|  |TAMS 0x0000000082600000, 0x0000000082500000| Untracked 
|  38|0x0000000082600000, 0x0000000082700000, 0x0000000082700000|100%| O|  |TAMS 0x0000000082700000, 0x0000000082600000| Untracked 
|  39|0x0000000082700000, 0x0000000082800000, 0x0000000082800000|100%| O|  |TAMS 0x0000000082800000, 0x0000000082700000| Untracked 
|  40|0x0000000082800000, 0x0000000082900000, 0x0000000082900000|100%| O|  |TAMS 0x0000000082900000, 0x0000000082800000| Untracked 
|  41|0x0000000082900000, 0x0000000082a00000, 0x0000000082a00000|100%| O|  |TAMS 0x0000000082a00000, 0x0000000082900000| Untracked 
|  42|0x0000000082a00000, 0x0000000082b00000, 0x0000000082b00000|100%| O|  |TAMS 0x0000000082b00000, 0x0000000082a00000| Untracked 
|  43|0x0000000082b00000, 0x0000000082c00000, 0x0000000082c00000|100%|HS|  |TAMS 0x0000000082c00000, 0x0000000082b00000| Complete 
|  44|0x0000000082c00000, 0x0000000082d00000, 0x0000000082d00000|100%| O|  |TAMS 0x0000000082d00000, 0x0000000082c00000| Untracked 
|  45|0x0000000082d00000, 0x0000000082e00000, 0x0000000082e00000|100%| O|  |TAMS 0x0000000082e00000, 0x0000000082d00000| Untracked 
|  46|0x0000000082e00000, 0x0000000082f00000, 0x0000000082f00000|100%| O|  |TAMS 0x0000000082f00000, 0x0000000082e00000| Untracked 
|  47|0x0000000082f00000, 0x0000000083000000, 0x0000000083000000|100%| O|  |TAMS 0x0000000083000000, 0x0000000082f00000| Untracked 
|  48|0x0000000083000000, 0x0000000083100000, 0x0000000083100000|100%| O|  |TAMS 0x0000000083100000, 0x0000000083000000| Untracked 
|  49|0x0000000083100000, 0x0000000083200000, 0x0000000083200000|100%| O|  |TAMS 0x0000000083200000, 0x0000000083100000| Untracked 
|  50|0x0000000083200000, 0x0000000083300000, 0x0000000083300000|100%| O|  |TAMS 0x0000000083300000, 0x0000000083200000| Untracked 
|  51|0x0000000083300000, 0x0000000083400000, 0x0000000083400000|100%| O|  |TAMS 0x0000000083400000, 0x0000000083300000| Untracked 
|  52|0x0000000083400000, 0x0000000083500000, 0x0000000083500000|100%| O|  |TAMS 0x0000000083500000, 0x0000000083400000| Untracked 
|  53|0x0000000083500000, 0x0000000083600000, 0x0000000083600000|100%| O|  |TAMS 0x0000000083600000, 0x0000000083500000| Untracked 
|  54|0x0000000083600000, 0x0000000083700000, 0x0000000083700000|100%| O|  |TAMS 0x0000000083700000, 0x0000000083600000| Untracked 
|  55|0x0000000083700000, 0x0000000083800000, 0x0000000083800000|100%| O|  |TAMS 0x0000000083800000, 0x0000000083700000| Untracked 
|  56|0x0000000083800000, 0x0000000083900000, 0x0000000083900000|100%| O|  |TAMS 0x0000000083900000, 0x0000000083800000| Untracked 
|  57|0x0000000083900000, 0x0000000083a00000, 0x0000000083a00000|100%| O|  |TAMS 0x0000000083a00000, 0x0000000083900000| Untracked 
|  58|0x0000000083a00000, 0x0000000083b00000, 0x0000000083b00000|100%| O|  |TAMS 0x0000000083b00000, 0x0000000083a00000| Untracked 
|  59|0x0000000083b00000, 0x0000000083c00000, 0x0000000083c00000|100%| O|  |TAMS 0x0000000083c00000, 0x0000000083b00000| Untracked 
|  60|0x0000000083c00000, 0x0000000083d00000, 0x0000000083d00000|100%| O|  |TAMS 0x0000000083d00000, 0x0000000083c00000| Untracked 
|  61|0x0000000083d00000, 0x0000000083e00000, 0x0000000083e00000|100%| O|  |TAMS 0x0000000083e00000, 0x0000000083d00000| Untracked 
|  62|0x0000000083e00000, 0x0000000083f00000, 0x0000000083f00000|100%| O|  |TAMS 0x0000000083f00000, 0x0000000083e00000| Untracked 
|  63|0x0000000083f00000, 0x0000000084000000, 0x0000000084000000|100%| O|  |TAMS 0x0000000084000000, 0x0000000083f00000| Untracked 
|  64|0x0000000084000000, 0x0000000084100000, 0x0000000084100000|100%| O|  |TAMS 0x000000008403a200, 0x0000000084000000| Untracked 
|  65|0x0000000084100000, 0x0000000084200000, 0x0000000084200000|100%| O|  |TAMS 0x0000000084100000, 0x0000000084100000| Untracked 
|  66|0x0000000084200000, 0x0000000084300000, 0x0000000084300000|100%| O|  |TAMS 0x0000000084200000, 0x0000000084200000| Untracked 
|  67|0x0000000084300000, 0x0000000084400000, 0x0000000084400000|100%| O|  |TAMS 0x0000000084300000, 0x0000000084300000| Untracked 
|  68|0x0000000084400000, 0x0000000084500000, 0x0000000084500000|100%| O|  |TAMS 0x0000000084400000, 0x0000000084400000| Untracked 
|  69|0x0000000084500000, 0x0000000084600000, 0x0000000084600000|100%| O|  |TAMS 0x0000000084500000, 0x0000000084500000| Untracked 
|  70|0x0000000084600000, 0x0000000084700000, 0x0000000084700000|100%| O|  |TAMS 0x0000000084600000, 0x0000000084600000| Untracked 
|  71|0x0000000084700000, 0x0000000084800000, 0x0000000084800000|100%| O|  |TAMS 0x0000000084700000, 0x0000000084700000| Untracked 
|  72|0x0000000084800000, 0x0000000084900000, 0x0000000084900000|100%| O|  |TAMS 0x0000000084800000, 0x0000000084800000| Untracked 
|  73|0x0000000084900000, 0x0000000084a00000, 0x0000000084a00000|100%| O|  |TAMS 0x0000000084900000, 0x0000000084900000| Untracked 
|  74|0x0000000084a00000, 0x0000000084b00000, 0x0000000084b00000|100%| O|  |TAMS 0x0000000084a00000, 0x0000000084a00000| Untracked 
|  75|0x0000000084b00000, 0x0000000084c00000, 0x0000000084c00000|100%| O|  |TAMS 0x0000000084b00000, 0x0000000084b00000| Untracked 
|  76|0x0000000084c00000, 0x0000000084d00000, 0x0000000084d00000|100%| O|  |TAMS 0x0000000084c00000, 0x0000000084c00000| Untracked 
|  77|0x0000000084d00000, 0x0000000084e00000, 0x0000000084e00000|100%| O|  |TAMS 0x0000000084d00000, 0x0000000084d00000| Untracked 
|  78|0x0000000084e00000, 0x0000000084f00000, 0x0000000084f00000|100%| O|  |TAMS 0x0000000084e00000, 0x0000000084e00000| Untracked 
|  79|0x0000000084f00000, 0x0000000085000000, 0x0000000085000000|100%| O|  |TAMS 0x0000000084f00000, 0x0000000084f00000| Untracked 
|  80|0x0000000085000000, 0x0000000085100000, 0x0000000085100000|100%| O|  |TAMS 0x0000000085000000, 0x0000000085000000| Untracked 
|  81|0x0000000085100000, 0x0000000085200000, 0x0000000085200000|100%| O|  |TAMS 0x0000000085100000, 0x0000000085100000| Untracked 
|  82|0x0000000085200000, 0x0000000085300000, 0x0000000085300000|100%| O|  |TAMS 0x0000000085200000, 0x0000000085200000| Untracked 
|  83|0x0000000085300000, 0x0000000085400000, 0x0000000085400000|100%| O|  |TAMS 0x0000000085300000, 0x0000000085300000| Untracked 
|  84|0x0000000085400000, 0x0000000085500000, 0x0000000085500000|100%| O|  |TAMS 0x0000000085400000, 0x0000000085400000| Untracked 
|  85|0x0000000085500000, 0x0000000085600000, 0x0000000085600000|100%| O|  |TAMS 0x0000000085500000, 0x0000000085500000| Untracked 
|  86|0x0000000085600000, 0x0000000085700000, 0x0000000085700000|100%| O|  |TAMS 0x0000000085600000, 0x0000000085600000| Untracked 
|  87|0x0000000085700000, 0x0000000085800000, 0x0000000085800000|100%| O|  |TAMS 0x0000000085700000, 0x0000000085700000| Untracked 
|  88|0x0000000085800000, 0x0000000085900000, 0x0000000085900000|100%| O|  |TAMS 0x0000000085800000, 0x0000000085800000| Untracked 
|  89|0x0000000085900000, 0x0000000085a00000, 0x0000000085a00000|100%| O|  |TAMS 0x0000000085900000, 0x0000000085900000| Untracked 
|  90|0x0000000085a00000, 0x0000000085b00000, 0x0000000085b00000|100%| O|  |TAMS 0x0000000085a00000, 0x0000000085a00000| Untracked 
|  91|0x0000000085b00000, 0x0000000085c00000, 0x0000000085c00000|100%| O|  |TAMS 0x0000000085b00000, 0x0000000085b00000| Untracked 
|  92|0x0000000085c00000, 0x0000000085c00000, 0x0000000085d00000|  0%| F|  |TAMS 0x0000000085c00000, 0x0000000085c00000| Untracked 
|  93|0x0000000085d00000, 0x0000000085d00000, 0x0000000085e00000|  0%| F|  |TAMS 0x0000000085d00000, 0x0000000085d00000| Untracked 
|  94|0x0000000085e00000, 0x0000000085e00000, 0x0000000085f00000|  0%| F|  |TAMS 0x0000000085e00000, 0x0000000085e00000| Untracked 
|  95|0x0000000085f00000, 0x0000000086000000, 0x0000000086000000|100%| O|  |TAMS 0x0000000085f00000, 0x0000000085f00000| Untracked 
|  96|0x0000000086000000, 0x0000000086100000, 0x0000000086100000|100%| O|  |TAMS 0x0000000086000000, 0x0000000086000000| Untracked 
|  97|0x0000000086100000, 0x0000000086200000, 0x0000000086200000|100%| O|  |TAMS 0x0000000086100000, 0x0000000086100000| Untracked 
|  98|0x0000000086200000, 0x0000000086300000, 0x0000000086300000|100%| O|  |TAMS 0x0000000086200000, 0x0000000086200000| Untracked 
|  99|0x0000000086300000, 0x0000000086400000, 0x0000000086400000|100%| O|  |TAMS 0x0000000086300000, 0x0000000086300000| Untracked 
| 100|0x0000000086400000, 0x0000000086500000, 0x0000000086500000|100%| O|  |TAMS 0x0000000086400000, 0x0000000086400000| Untracked 
| 101|0x0000000086500000, 0x0000000086600000, 0x0000000086600000|100%| O|  |TAMS 0x0000000086500000, 0x0000000086500000| Untracked 
| 102|0x0000000086600000, 0x0000000086700000, 0x0000000086700000|100%| O|  |TAMS 0x0000000086600000, 0x0000000086600000| Untracked 
| 103|0x0000000086700000, 0x0000000086800000, 0x0000000086800000|100%| O|  |TAMS 0x0000000086700000, 0x0000000086700000| Untracked 
| 104|0x0000000086800000, 0x0000000086900000, 0x0000000086900000|100%| O|  |TAMS 0x0000000086800000, 0x0000000086800000| Untracked 
| 105|0x0000000086900000, 0x0000000086a00000, 0x0000000086a00000|100%| O|  |TAMS 0x0000000086900000, 0x0000000086900000| Untracked 
| 106|0x0000000086a00000, 0x0000000086b00000, 0x0000000086b00000|100%| O|  |TAMS 0x0000000086a00000, 0x0000000086a00000| Untracked 
| 107|0x0000000086b00000, 0x0000000086c00000, 0x0000000086c00000|100%| O|  |TAMS 0x0000000086b00000, 0x0000000086b00000| Untracked 
| 108|0x0000000086c00000, 0x0000000086d00000, 0x0000000086d00000|100%| O|  |TAMS 0x0000000086c00000, 0x0000000086c00000| Untracked 
| 109|0x0000000086d00000, 0x0000000086e00000, 0x0000000086e00000|100%| O|  |TAMS 0x0000000086d00000, 0x0000000086d00000| Untracked 
| 110|0x0000000086e00000, 0x0000000086f00000, 0x0000000086f00000|100%| O|  |TAMS 0x0000000086e00000, 0x0000000086e00000| Untracked 
| 111|0x0000000086f00000, 0x0000000087000000, 0x0000000087000000|100%| O|  |TAMS 0x0000000086f00000, 0x0000000086f00000| Untracked 
| 112|0x0000000087000000, 0x0000000087100000, 0x0000000087100000|100%| O|  |TAMS 0x0000000087000000, 0x0000000087000000| Untracked 
| 113|0x0000000087100000, 0x0000000087200000, 0x0000000087200000|100%| O|  |TAMS 0x0000000087100000, 0x0000000087100000| Untracked 
| 114|0x0000000087200000, 0x0000000087300000, 0x0000000087300000|100%| O|  |TAMS 0x0000000087200000, 0x0000000087200000| Untracked 
| 115|0x0000000087300000, 0x0000000087400000, 0x0000000087400000|100%| O|  |TAMS 0x0000000087300000, 0x0000000087300000| Untracked 
| 116|0x0000000087400000, 0x0000000087500000, 0x0000000087500000|100%| O|  |TAMS 0x0000000087400000, 0x0000000087400000| Untracked 
| 117|0x0000000087500000, 0x0000000087600000, 0x0000000087600000|100%| O|  |TAMS 0x0000000087500000, 0x0000000087500000| Untracked 
| 118|0x0000000087600000, 0x0000000087700000, 0x0000000087700000|100%| O|  |TAMS 0x0000000087600000, 0x0000000087600000| Untracked 
| 119|0x0000000087700000, 0x0000000087800000, 0x0000000087800000|100%| O|  |TAMS 0x0000000087700000, 0x0000000087700000| Untracked 
| 120|0x0000000087800000, 0x0000000087900000, 0x0000000087900000|100%| O|  |TAMS 0x0000000087800000, 0x0000000087800000| Untracked 
| 121|0x0000000087900000, 0x0000000087a00000, 0x0000000087a00000|100%| O|  |TAMS 0x0000000087900000, 0x0000000087900000| Untracked 
| 122|0x0000000087a00000, 0x0000000087b00000, 0x0000000087b00000|100%| O|  |TAMS 0x0000000087a00000, 0x0000000087a00000| Untracked 
| 123|0x0000000087b00000, 0x0000000087c00000, 0x0000000087c00000|100%| O|  |TAMS 0x0000000087b00000, 0x0000000087b00000| Untracked 
| 124|0x0000000087c00000, 0x0000000087c00000, 0x0000000087d00000|  0%| F|  |TAMS 0x0000000087c00000, 0x0000000087c00000| Untracked 
| 125|0x0000000087d00000, 0x0000000087d00000, 0x0000000087e00000|  0%| F|  |TAMS 0x0000000087d00000, 0x0000000087d00000| Untracked 
| 126|0x0000000087e00000, 0x0000000087e00000, 0x0000000087f00000|  0%| F|  |TAMS 0x0000000087e00000, 0x0000000087e00000| Untracked 
| 127|0x0000000087f00000, 0x0000000087f00000, 0x0000000088000000|  0%| F|  |TAMS 0x0000000087f00000, 0x0000000087f00000| Untracked 
| 128|0x0000000088000000, 0x0000000088000000, 0x0000000088100000|  0%| F|  |TAMS 0x0000000088000000, 0x0000000088000000| Untracked 
| 129|0x0000000088100000, 0x0000000088100000, 0x0000000088200000|  0%| F|  |TAMS 0x0000000088100000, 0x0000000088100000| Untracked 
| 130|0x0000000088200000, 0x0000000088200000, 0x0000000088300000|  0%| F|  |TAMS 0x0000000088200000, 0x0000000088200000| Untracked 
| 131|0x0000000088300000, 0x0000000088300000, 0x0000000088400000|  0%| F|  |TAMS 0x0000000088300000, 0x0000000088300000| Untracked 
| 132|0x0000000088400000, 0x0000000088400000, 0x0000000088500000|  0%| F|  |TAMS 0x0000000088400000, 0x0000000088400000| Untracked 
| 133|0x0000000088500000, 0x0000000088500000, 0x0000000088600000|  0%| F|  |TAMS 0x0000000088500000, 0x0000000088500000| Untracked 
| 134|0x0000000088600000, 0x0000000088600000, 0x0000000088700000|  0%| F|  |TAMS 0x0000000088600000, 0x0000000088600000| Untracked 
| 135|0x0000000088700000, 0x0000000088700000, 0x0000000088800000|  0%| F|  |TAMS 0x0000000088700000, 0x0000000088700000| Untracked 
| 136|0x0000000088800000, 0x0000000088800000, 0x0000000088900000|  0%| F|  |TAMS 0x0000000088800000, 0x0000000088800000| Untracked 
| 137|0x0000000088900000, 0x0000000088900000, 0x0000000088a00000|  0%| F|  |TAMS 0x0000000088900000, 0x0000000088900000| Untracked 
| 138|0x0000000088a00000, 0x0000000088a00000, 0x0000000088b00000|  0%| F|  |TAMS 0x0000000088a00000, 0x0000000088a00000| Untracked 
| 139|0x0000000088b00000, 0x0000000088b00000, 0x0000000088c00000|  0%| F|  |TAMS 0x0000000088b00000, 0x0000000088b00000| Untracked 
| 140|0x0000000088c00000, 0x0000000088c00000, 0x0000000088d00000|  0%| F|  |TAMS 0x0000000088c00000, 0x0000000088c00000| Untracked 
| 141|0x0000000088d00000, 0x0000000088d00000, 0x0000000088e00000|  0%| F|  |TAMS 0x0000000088d00000, 0x0000000088d00000| Untracked 
| 142|0x0000000088e00000, 0x0000000088e00000, 0x0000000088f00000|  0%| F|  |TAMS 0x0000000088e00000, 0x0000000088e00000| Untracked 
| 143|0x0000000088f00000, 0x0000000088f00000, 0x0000000089000000|  0%| F|  |TAMS 0x0000000088f00000, 0x0000000088f00000| Untracked 
| 144|0x0000000089000000, 0x0000000089000000, 0x0000000089100000|  0%| F|  |TAMS 0x0000000089000000, 0x0000000089000000| Untracked 
| 145|0x0000000089100000, 0x0000000089100000, 0x0000000089200000|  0%| F|  |TAMS 0x0000000089100000, 0x0000000089100000| Untracked 
| 146|0x0000000089200000, 0x0000000089300000, 0x0000000089300000|100%| O|  |TAMS 0x0000000089200000, 0x0000000089200000| Untracked 
| 147|0x0000000089300000, 0x0000000089400000, 0x0000000089400000|100%| O|  |TAMS 0x0000000089300000, 0x0000000089300000| Untracked 
| 148|0x0000000089400000, 0x0000000089500000, 0x0000000089500000|100%| O|  |TAMS 0x0000000089400000, 0x0000000089400000| Untracked 
| 149|0x0000000089500000, 0x0000000089600000, 0x0000000089600000|100%| O|  |TAMS 0x0000000089500000, 0x0000000089500000| Untracked 
| 150|0x0000000089600000, 0x0000000089700000, 0x0000000089700000|100%| O|  |TAMS 0x0000000089600000, 0x0000000089600000| Untracked 
| 151|0x0000000089700000, 0x0000000089800000, 0x0000000089800000|100%| O|  |TAMS 0x0000000089700000, 0x0000000089700000| Untracked 
| 152|0x0000000089800000, 0x0000000089900000, 0x0000000089900000|100%| O|  |TAMS 0x0000000089800000, 0x0000000089800000| Untracked 
| 153|0x0000000089900000, 0x0000000089a00000, 0x0000000089a00000|100%| O|  |TAMS 0x0000000089900000, 0x0000000089900000| Untracked 
| 154|0x0000000089a00000, 0x0000000089b00000, 0x0000000089b00000|100%| O|  |TAMS 0x0000000089a00000, 0x0000000089a00000| Untracked 
| 155|0x0000000089b00000, 0x0000000089c00000, 0x0000000089c00000|100%| O|  |TAMS 0x0000000089b00000, 0x0000000089b00000| Untracked 
| 156|0x0000000089c00000, 0x0000000089d00000, 0x0000000089d00000|100%| O|  |TAMS 0x0000000089c00000, 0x0000000089c00000| Untracked 
| 157|0x0000000089d00000, 0x0000000089e00000, 0x0000000089e00000|100%| O|  |TAMS 0x0000000089d00000, 0x0000000089d00000| Untracked 
| 158|0x0000000089e00000, 0x0000000089e00000, 0x0000000089f00000|  0%| F|  |TAMS 0x0000000089e00000, 0x0000000089e00000| Untracked 
| 159|0x0000000089f00000, 0x0000000089f00000, 0x000000008a000000|  0%| F|  |TAMS 0x0000000089f00000, 0x0000000089f00000| Untracked 
| 160|0x000000008a000000, 0x000000008a000000, 0x000000008a100000|  0%| F|  |TAMS 0x000000008a000000, 0x000000008a000000| Untracked 
| 161|0x000000008a100000, 0x000000008a100000, 0x000000008a200000|  0%| F|  |TAMS 0x000000008a100000, 0x000000008a100000| Untracked 
| 162|0x000000008a200000, 0x000000008a200000, 0x000000008a300000|  0%| F|  |TAMS 0x000000008a200000, 0x000000008a200000| Untracked 
| 163|0x000000008a300000, 0x000000008a300000, 0x000000008a400000|  0%| F|  |TAMS 0x000000008a300000, 0x000000008a300000| Untracked 
| 164|0x000000008a400000, 0x000000008a400000, 0x000000008a500000|  0%| F|  |TAMS 0x000000008a400000, 0x000000008a400000| Untracked 
| 165|0x000000008a500000, 0x000000008a500000, 0x000000008a600000|  0%| F|  |TAMS 0x000000008a500000, 0x000000008a500000| Untracked 
| 166|0x000000008a600000, 0x000000008a600000, 0x000000008a700000|  0%| F|  |TAMS 0x000000008a600000, 0x000000008a600000| Untracked 
| 167|0x000000008a700000, 0x000000008a700000, 0x000000008a800000|  0%| F|  |TAMS 0x000000008a700000, 0x000000008a700000| Untracked 
| 168|0x000000008a800000, 0x000000008a800000, 0x000000008a900000|  0%| F|  |TAMS 0x000000008a800000, 0x000000008a800000| Untracked 
| 169|0x000000008a900000, 0x000000008a900000, 0x000000008aa00000|  0%| F|  |TAMS 0x000000008a900000, 0x000000008a900000| Untracked 
| 170|0x000000008aa00000, 0x000000008aa00000, 0x000000008ab00000|  0%| F|  |TAMS 0x000000008aa00000, 0x000000008aa00000| Untracked 
| 171|0x000000008ab00000, 0x000000008ab00000, 0x000000008ac00000|  0%| F|  |TAMS 0x000000008ab00000, 0x000000008ab00000| Untracked 
| 172|0x000000008ac00000, 0x000000008ac00000, 0x000000008ad00000|  0%| F|  |TAMS 0x000000008ac00000, 0x000000008ac00000| Untracked 
| 173|0x000000008ad00000, 0x000000008ad00000, 0x000000008ae00000|  0%| F|  |TAMS 0x000000008ad00000, 0x000000008ad00000| Untracked 
| 174|0x000000008ae00000, 0x000000008ae00000, 0x000000008af00000|  0%| F|  |TAMS 0x000000008ae00000, 0x000000008ae00000| Untracked 
| 175|0x000000008af00000, 0x000000008af00000, 0x000000008b000000|  0%| F|  |TAMS 0x000000008af00000, 0x000000008af00000| Untracked 
| 176|0x000000008b000000, 0x000000008b000000, 0x000000008b100000|  0%| F|  |TAMS 0x000000008b000000, 0x000000008b000000| Untracked 
| 177|0x000000008b100000, 0x000000008b100000, 0x000000008b200000|  0%| F|  |TAMS 0x000000008b100000, 0x000000008b100000| Untracked 
| 178|0x000000008b200000, 0x000000008b200000, 0x000000008b300000|  0%| F|  |TAMS 0x000000008b200000, 0x000000008b200000| Untracked 
| 179|0x000000008b300000, 0x000000008b300000, 0x000000008b400000|  0%| F|  |TAMS 0x000000008b300000, 0x000000008b300000| Untracked 
| 180|0x000000008b400000, 0x000000008b400000, 0x000000008b500000|  0%| F|  |TAMS 0x000000008b400000, 0x000000008b400000| Untracked 
| 181|0x000000008b500000, 0x000000008b500000, 0x000000008b600000|  0%| F|  |TAMS 0x000000008b500000, 0x000000008b500000| Untracked 
| 182|0x000000008b600000, 0x000000008b600000, 0x000000008b700000|  0%| F|  |TAMS 0x000000008b600000, 0x000000008b600000| Untracked 
| 183|0x000000008b700000, 0x000000008b700000, 0x000000008b800000|  0%| F|  |TAMS 0x000000008b700000, 0x000000008b700000| Untracked 
| 184|0x000000008b800000, 0x000000008b800000, 0x000000008b900000|  0%| F|  |TAMS 0x000000008b800000, 0x000000008b800000| Untracked 
| 185|0x000000008b900000, 0x000000008b900000, 0x000000008ba00000|  0%| F|  |TAMS 0x000000008b900000, 0x000000008b900000| Untracked 
| 186|0x000000008ba00000, 0x000000008ba00000, 0x000000008bb00000|  0%| F|  |TAMS 0x000000008ba00000, 0x000000008ba00000| Untracked 
| 187|0x000000008bb00000, 0x000000008bb00000, 0x000000008bc00000|  0%| F|  |TAMS 0x000000008bb00000, 0x000000008bb00000| Untracked 
| 188|0x000000008bc00000, 0x000000008bc00000, 0x000000008bd00000|  0%| F|  |TAMS 0x000000008bc00000, 0x000000008bc00000| Untracked 
| 189|0x000000008bd00000, 0x000000008bd00000, 0x000000008be00000|  0%| F|  |TAMS 0x000000008bd00000, 0x000000008bd00000| Untracked 
| 190|0x000000008be00000, 0x000000008be00000, 0x000000008bf00000|  0%| F|  |TAMS 0x000000008be00000, 0x000000008be00000| Untracked 
| 191|0x000000008bf00000, 0x000000008bf00000, 0x000000008c000000|  0%| F|  |TAMS 0x000000008bf00000, 0x000000008bf00000| Untracked 
| 192|0x000000008c000000, 0x000000008c000000, 0x000000008c100000|  0%| F|  |TAMS 0x000000008c000000, 0x000000008c000000| Untracked 
| 193|0x000000008c100000, 0x000000008c100000, 0x000000008c200000|  0%| F|  |TAMS 0x000000008c100000, 0x000000008c100000| Untracked 
| 194|0x000000008c200000, 0x000000008c200000, 0x000000008c300000|  0%| F|  |TAMS 0x000000008c200000, 0x000000008c200000| Untracked 
| 195|0x000000008c300000, 0x000000008c300000, 0x000000008c400000|  0%| F|  |TAMS 0x000000008c300000, 0x000000008c300000| Untracked 
| 196|0x000000008c400000, 0x000000008c400000, 0x000000008c500000|  0%| F|  |TAMS 0x000000008c400000, 0x000000008c400000| Untracked 
| 197|0x000000008c500000, 0x000000008c500000, 0x000000008c600000|  0%| F|  |TAMS 0x000000008c500000, 0x000000008c500000| Untracked 
| 198|0x000000008c600000, 0x000000008c600000, 0x000000008c700000|  0%| F|  |TAMS 0x000000008c600000, 0x000000008c600000| Untracked 
| 199|0x000000008c700000, 0x000000008c700000, 0x000000008c800000|  0%| F|  |TAMS 0x000000008c700000, 0x000000008c700000| Untracked 
| 200|0x000000008c800000, 0x000000008c800000, 0x000000008c900000|  0%| F|  |TAMS 0x000000008c800000, 0x000000008c800000| Untracked 
| 201|0x000000008c900000, 0x000000008c900000, 0x000000008ca00000|  0%| F|  |TAMS 0x000000008c900000, 0x000000008c900000| Untracked 
| 202|0x000000008ca00000, 0x000000008ca00000, 0x000000008cb00000|  0%| F|  |TAMS 0x000000008ca00000, 0x000000008ca00000| Untracked 
| 203|0x000000008cb00000, 0x000000008cb00000, 0x000000008cc00000|  0%| F|  |TAMS 0x000000008cb00000, 0x000000008cb00000| Untracked 
| 204|0x000000008cc00000, 0x000000008cc00000, 0x000000008cd00000|  0%| F|  |TAMS 0x000000008cc00000, 0x000000008cc00000| Untracked 
| 205|0x000000008cd00000, 0x000000008cd00000, 0x000000008ce00000|  0%| F|  |TAMS 0x000000008cd00000, 0x000000008cd00000| Untracked 
| 206|0x000000008ce00000, 0x000000008ce00000, 0x000000008cf00000|  0%| F|  |TAMS 0x000000008ce00000, 0x000000008ce00000| Untracked 
| 207|0x000000008cf00000, 0x000000008cf00000, 0x000000008d000000|  0%| F|  |TAMS 0x000000008cf00000, 0x000000008cf00000| Untracked 
| 208|0x000000008d000000, 0x000000008d000000, 0x000000008d100000|  0%| F|  |TAMS 0x000000008d000000, 0x000000008d000000| Untracked 
| 209|0x000000008d100000, 0x000000008d100000, 0x000000008d200000|  0%| F|  |TAMS 0x000000008d100000, 0x000000008d100000| Untracked 
| 210|0x000000008d200000, 0x000000008d200000, 0x000000008d300000|  0%| F|  |TAMS 0x000000008d200000, 0x000000008d200000| Untracked 
| 211|0x000000008d300000, 0x000000008d300000, 0x000000008d400000|  0%| F|  |TAMS 0x000000008d300000, 0x000000008d300000| Untracked 
| 212|0x000000008d400000, 0x000000008d400000, 0x000000008d500000|  0%| F|  |TAMS 0x000000008d400000, 0x000000008d400000| Untracked 
| 213|0x000000008d500000, 0x000000008d500000, 0x000000008d600000|  0%| F|  |TAMS 0x000000008d500000, 0x000000008d500000| Untracked 
| 214|0x000000008d600000, 0x000000008d600000, 0x000000008d700000|  0%| F|  |TAMS 0x000000008d600000, 0x000000008d600000| Untracked 
| 215|0x000000008d700000, 0x000000008d700000, 0x000000008d800000|  0%| F|  |TAMS 0x000000008d700000, 0x000000008d700000| Untracked 
| 216|0x000000008d800000, 0x000000008d800000, 0x000000008d900000|  0%| F|  |TAMS 0x000000008d800000, 0x000000008d800000| Untracked 
| 217|0x000000008d900000, 0x000000008d900000, 0x000000008da00000|  0%| F|  |TAMS 0x000000008d900000, 0x000000008d900000| Untracked 
| 218|0x000000008da00000, 0x000000008da00000, 0x000000008db00000|  0%| F|  |TAMS 0x000000008da00000, 0x000000008da00000| Untracked 
| 219|0x000000008db00000, 0x000000008db00000, 0x000000008dc00000|  0%| F|  |TAMS 0x000000008db00000, 0x000000008db00000| Untracked 
| 220|0x000000008dc00000, 0x000000008dc00000, 0x000000008dd00000|  0%| F|  |TAMS 0x000000008dc00000, 0x000000008dc00000| Untracked 
| 221|0x000000008dd00000, 0x000000008dd00000, 0x000000008de00000|  0%| F|  |TAMS 0x000000008dd00000, 0x000000008dd00000| Untracked 
| 222|0x000000008de00000, 0x000000008de00000, 0x000000008df00000|  0%| F|  |TAMS 0x000000008de00000, 0x000000008de00000| Untracked 
| 223|0x000000008df00000, 0x000000008df00000, 0x000000008e000000|  0%| F|  |TAMS 0x000000008df00000, 0x000000008df00000| Untracked 
| 224|0x000000008e000000, 0x000000008e000000, 0x000000008e100000|  0%| F|  |TAMS 0x000000008e000000, 0x000000008e000000| Untracked 
| 225|0x000000008e100000, 0x000000008e100000, 0x000000008e200000|  0%| F|  |TAMS 0x000000008e100000, 0x000000008e100000| Untracked 
| 226|0x000000008e200000, 0x000000008e200000, 0x000000008e300000|  0%| F|  |TAMS 0x000000008e200000, 0x000000008e200000| Untracked 
| 227|0x000000008e300000, 0x000000008e300000, 0x000000008e400000|  0%| F|  |TAMS 0x000000008e300000, 0x000000008e300000| Untracked 
| 228|0x000000008e400000, 0x000000008e400000, 0x000000008e500000|  0%| F|  |TAMS 0x000000008e400000, 0x000000008e400000| Untracked 
| 229|0x000000008e500000, 0x000000008e500000, 0x000000008e600000|  0%| F|  |TAMS 0x000000008e500000, 0x000000008e500000| Untracked 
| 230|0x000000008e600000, 0x000000008e600000, 0x000000008e700000|  0%| F|  |TAMS 0x000000008e600000, 0x000000008e600000| Untracked 
| 231|0x000000008e700000, 0x000000008e700000, 0x000000008e800000|  0%| F|  |TAMS 0x000000008e700000, 0x000000008e700000| Untracked 
| 232|0x000000008e800000, 0x000000008e800000, 0x000000008e900000|  0%| F|  |TAMS 0x000000008e800000, 0x000000008e800000| Untracked 
| 233|0x000000008e900000, 0x000000008e900000, 0x000000008ea00000|  0%| F|  |TAMS 0x000000008e900000, 0x000000008e900000| Untracked 
| 234|0x000000008ea00000, 0x000000008ea00000, 0x000000008eb00000|  0%| F|  |TAMS 0x000000008ea00000, 0x000000008ea00000| Untracked 
| 235|0x000000008eb00000, 0x000000008eb00000, 0x000000008ec00000|  0%| F|  |TAMS 0x000000008eb00000, 0x000000008eb00000| Untracked 
| 236|0x000000008ec00000, 0x000000008ec00000, 0x000000008ed00000|  0%| F|  |TAMS 0x000000008ec00000, 0x000000008ec00000| Untracked 
| 237|0x000000008ed00000, 0x000000008ed00000, 0x000000008ee00000|  0%| F|  |TAMS 0x000000008ed00000, 0x000000008ed00000| Untracked 
| 238|0x000000008ee00000, 0x000000008ee00000, 0x000000008ef00000|  0%| F|  |TAMS 0x000000008ee00000, 0x000000008ee00000| Untracked 
| 239|0x000000008ef00000, 0x000000008ef00000, 0x000000008f000000|  0%| F|  |TAMS 0x000000008ef00000, 0x000000008ef00000| Untracked 
| 240|0x000000008f000000, 0x000000008f000000, 0x000000008f100000|  0%| F|  |TAMS 0x000000008f000000, 0x000000008f000000| Untracked 
| 241|0x000000008f100000, 0x000000008f100000, 0x000000008f200000|  0%| F|  |TAMS 0x000000008f100000, 0x000000008f100000| Untracked 
| 242|0x000000008f200000, 0x000000008f200000, 0x000000008f300000|  0%| F|  |TAMS 0x000000008f200000, 0x000000008f200000| Untracked 
| 243|0x000000008f300000, 0x000000008f300000, 0x000000008f400000|  0%| F|  |TAMS 0x000000008f300000, 0x000000008f300000| Untracked 
| 244|0x000000008f400000, 0x000000008f400000, 0x000000008f500000|  0%| F|  |TAMS 0x000000008f400000, 0x000000008f400000| Untracked 
| 245|0x000000008f500000, 0x000000008f500000, 0x000000008f600000|  0%| F|  |TAMS 0x000000008f500000, 0x000000008f500000| Untracked 
| 246|0x000000008f600000, 0x000000008f600000, 0x000000008f700000|  0%| F|  |TAMS 0x000000008f600000, 0x000000008f600000| Untracked 
| 247|0x000000008f700000, 0x000000008f700000, 0x000000008f800000|  0%| F|  |TAMS 0x000000008f700000, 0x000000008f700000| Untracked 
| 248|0x000000008f800000, 0x000000008f800000, 0x000000008f900000|  0%| F|  |TAMS 0x000000008f800000, 0x000000008f800000| Untracked 
| 249|0x000000008f900000, 0x000000008f900000, 0x000000008fa00000|  0%| F|  |TAMS 0x000000008f900000, 0x000000008f900000| Untracked 
| 250|0x000000008fa00000, 0x000000008fa00000, 0x000000008fb00000|  0%| F|  |TAMS 0x000000008fa00000, 0x000000008fa00000| Untracked 
| 251|0x000000008fb00000, 0x000000008fb00000, 0x000000008fc00000|  0%| F|  |TAMS 0x000000008fb00000, 0x000000008fb00000| Untracked 
| 252|0x000000008fc00000, 0x000000008fc00000, 0x000000008fd00000|  0%| F|  |TAMS 0x000000008fc00000, 0x000000008fc00000| Untracked 
| 253|0x000000008fd00000, 0x000000008fd00000, 0x000000008fe00000|  0%| F|  |TAMS 0x000000008fd00000, 0x000000008fd00000| Untracked 
| 254|0x000000008fe00000, 0x000000008fe00000, 0x000000008ff00000|  0%| F|  |TAMS 0x000000008fe00000, 0x000000008fe00000| Untracked 
| 255|0x000000008ff00000, 0x000000008ff00000, 0x0000000090000000|  0%| F|  |TAMS 0x000000008ff00000, 0x000000008ff00000| Untracked 
| 256|0x0000000090000000, 0x0000000090000000, 0x0000000090100000|  0%| F|  |TAMS 0x0000000090000000, 0x0000000090000000| Untracked 
| 257|0x0000000090100000, 0x0000000090100000, 0x0000000090200000|  0%| F|  |TAMS 0x0000000090100000, 0x0000000090100000| Untracked 
| 258|0x0000000090200000, 0x0000000090200000, 0x0000000090300000|  0%| F|  |TAMS 0x0000000090200000, 0x0000000090200000| Untracked 
| 259|0x0000000090300000, 0x0000000090300000, 0x0000000090400000|  0%| F|  |TAMS 0x0000000090300000, 0x0000000090300000| Untracked 
| 260|0x0000000090400000, 0x0000000090400000, 0x0000000090500000|  0%| F|  |TAMS 0x0000000090400000, 0x0000000090400000| Untracked 
| 261|0x0000000090500000, 0x0000000090500000, 0x0000000090600000|  0%| F|  |TAMS 0x0000000090500000, 0x0000000090500000| Untracked 
| 262|0x0000000090600000, 0x0000000090600000, 0x0000000090700000|  0%| F|  |TAMS 0x0000000090600000, 0x0000000090600000| Untracked 
| 263|0x0000000090700000, 0x0000000090700000, 0x0000000090800000|  0%| F|  |TAMS 0x0000000090700000, 0x0000000090700000| Untracked 
| 264|0x0000000090800000, 0x0000000090800000, 0x0000000090900000|  0%| F|  |TAMS 0x0000000090800000, 0x0000000090800000| Untracked 
| 265|0x0000000090900000, 0x0000000090900000, 0x0000000090a00000|  0%| F|  |TAMS 0x0000000090900000, 0x0000000090900000| Untracked 
| 266|0x0000000090a00000, 0x0000000090a00000, 0x0000000090b00000|  0%| F|  |TAMS 0x0000000090a00000, 0x0000000090a00000| Untracked 
| 267|0x0000000090b00000, 0x0000000090b00000, 0x0000000090c00000|  0%| F|  |TAMS 0x0000000090b00000, 0x0000000090b00000| Untracked 
| 268|0x0000000090c00000, 0x0000000090c00000, 0x0000000090d00000|  0%| F|  |TAMS 0x0000000090c00000, 0x0000000090c00000| Untracked 
| 269|0x0000000090d00000, 0x0000000090d00000, 0x0000000090e00000|  0%| F|  |TAMS 0x0000000090d00000, 0x0000000090d00000| Untracked 
| 270|0x0000000090e00000, 0x0000000090e00000, 0x0000000090f00000|  0%| F|  |TAMS 0x0000000090e00000, 0x0000000090e00000| Untracked 
| 271|0x0000000090f00000, 0x0000000090f00000, 0x0000000091000000|  0%| F|  |TAMS 0x0000000090f00000, 0x0000000090f00000| Untracked 
| 272|0x0000000091000000, 0x0000000091000000, 0x0000000091100000|  0%| F|  |TAMS 0x0000000091000000, 0x0000000091000000| Untracked 
| 273|0x0000000091100000, 0x0000000091100000, 0x0000000091200000|  0%| F|  |TAMS 0x0000000091100000, 0x0000000091100000| Untracked 
| 274|0x0000000091200000, 0x0000000091200000, 0x0000000091300000|  0%| F|  |TAMS 0x0000000091200000, 0x0000000091200000| Untracked 
| 275|0x0000000091300000, 0x0000000091300000, 0x0000000091400000|  0%| F|  |TAMS 0x0000000091300000, 0x0000000091300000| Untracked 
| 276|0x0000000091400000, 0x0000000091400000, 0x0000000091500000|  0%| F|  |TAMS 0x0000000091400000, 0x0000000091400000| Untracked 
| 277|0x0000000091500000, 0x0000000091500000, 0x0000000091600000|  0%| F|  |TAMS 0x0000000091500000, 0x0000000091500000| Untracked 
| 278|0x0000000091600000, 0x0000000091600000, 0x0000000091700000|  0%| F|  |TAMS 0x0000000091600000, 0x0000000091600000| Untracked 
| 279|0x0000000091700000, 0x0000000091700000, 0x0000000091800000|  0%| F|  |TAMS 0x0000000091700000, 0x0000000091700000| Untracked 
| 280|0x0000000091800000, 0x0000000091800000, 0x0000000091900000|  0%| F|  |TAMS 0x0000000091800000, 0x0000000091800000| Untracked 
| 281|0x0000000091900000, 0x0000000091900000, 0x0000000091a00000|  0%| F|  |TAMS 0x0000000091900000, 0x0000000091900000| Untracked 
| 282|0x0000000091a00000, 0x0000000091a00000, 0x0000000091b00000|  0%| F|  |TAMS 0x0000000091a00000, 0x0000000091a00000| Untracked 
| 283|0x0000000091b00000, 0x0000000091b00000, 0x0000000091c00000|  0%| F|  |TAMS 0x0000000091b00000, 0x0000000091b00000| Untracked 
| 284|0x0000000091c00000, 0x0000000091c00000, 0x0000000091d00000|  0%| F|  |TAMS 0x0000000091c00000, 0x0000000091c00000| Untracked 
| 285|0x0000000091d00000, 0x0000000091d00000, 0x0000000091e00000|  0%| F|  |TAMS 0x0000000091d00000, 0x0000000091d00000| Untracked 
| 286|0x0000000091e00000, 0x0000000091e00000, 0x0000000091f00000|  0%| F|  |TAMS 0x0000000091e00000, 0x0000000091e00000| Untracked 
| 287|0x0000000091f00000, 0x0000000092000000, 0x0000000092000000|100%| S|CS|TAMS 0x0000000091f00000, 0x0000000091f00000| Complete 
| 288|0x0000000092000000, 0x0000000092100000, 0x0000000092100000|100%| S|CS|TAMS 0x0000000092000000, 0x0000000092000000| Complete 
| 289|0x0000000092100000, 0x0000000092200000, 0x0000000092200000|100%| S|CS|TAMS 0x0000000092100000, 0x0000000092100000| Complete 
| 290|0x0000000092200000, 0x0000000092300000, 0x0000000092300000|100%| S|CS|TAMS 0x0000000092200000, 0x0000000092200000| Complete 
| 291|0x0000000092300000, 0x00000000923e5208, 0x0000000092400000| 89%| E|  |TAMS 0x0000000092300000, 0x0000000092300000| Complete 
| 292|0x0000000092400000, 0x0000000092500000, 0x0000000092500000|100%| E|CS|TAMS 0x0000000092400000, 0x0000000092400000| Complete 
| 293|0x0000000092500000, 0x0000000092600000, 0x0000000092600000|100%| E|CS|TAMS 0x0000000092500000, 0x0000000092500000| Complete 
| 294|0x0000000092600000, 0x0000000092700000, 0x0000000092700000|100%| E|CS|TAMS 0x0000000092600000, 0x0000000092600000| Complete 
| 295|0x0000000092700000, 0x0000000092800000, 0x0000000092800000|100%| E|CS|TAMS 0x0000000092700000, 0x0000000092700000| Complete 
| 296|0x0000000092800000, 0x0000000092900000, 0x0000000092900000|100%| E|  |TAMS 0x0000000092800000, 0x0000000092800000| Complete 
| 297|0x0000000092900000, 0x0000000092a00000, 0x0000000092a00000|100%| E|CS|TAMS 0x0000000092900000, 0x0000000092900000| Complete 
| 298|0x0000000092a00000, 0x0000000092b00000, 0x0000000092b00000|100%| E|CS|TAMS 0x0000000092a00000, 0x0000000092a00000| Complete 
| 299|0x0000000092b00000, 0x0000000092c00000, 0x0000000092c00000|100%| E|CS|TAMS 0x0000000092b00000, 0x0000000092b00000| Complete 
| 300|0x0000000092c00000, 0x0000000092d00000, 0x0000000092d00000|100%| E|CS|TAMS 0x0000000092c00000, 0x0000000092c00000| Complete 
| 301|0x0000000092d00000, 0x0000000092e00000, 0x0000000092e00000|100%| E|CS|TAMS 0x0000000092d00000, 0x0000000092d00000| Complete 
| 302|0x0000000092e00000, 0x0000000092f00000, 0x0000000092f00000|100%| E|CS|TAMS 0x0000000092e00000, 0x0000000092e00000| Complete 
| 303|0x0000000092f00000, 0x0000000093000000, 0x0000000093000000|100%| E|CS|TAMS 0x0000000092f00000, 0x0000000092f00000| Complete 
| 304|0x0000000093000000, 0x0000000093100000, 0x0000000093100000|100%| E|CS|TAMS 0x0000000093000000, 0x0000000093000000| Complete 
| 305|0x0000000093100000, 0x0000000093200000, 0x0000000093200000|100%| E|CS|TAMS 0x0000000093100000, 0x0000000093100000| Complete 
| 306|0x0000000093200000, 0x0000000093300000, 0x0000000093300000|100%| E|CS|TAMS 0x0000000093200000, 0x0000000093200000| Complete 

Card table byte_map: [0x0000022b5a4f0000,0x0000022b5a8f0000] _byte_map_base: 0x0000022b5a0f0000

Marking Bits (Prev, Next): (CMBitMap*) 0x0000022b47954d40, (CMBitMap*) 0x0000022b47954d80
 Prev Bits: [0x0000022b5acf0000, 0x0000022b5ccf0000)
 Next Bits: [0x0000022b5ccf0000, 0x0000022b5ecf0000)

Polling page: 0x0000022b470c0000

Metaspace:

Usage:
  Non-class:     94.17 MB used.
      Class:     14.36 MB used.
       Both:    108.53 MB used.

Virtual space:
  Non-class space:       96.00 MB reserved,      94.56 MB ( 99%) committed,  12 nodes.
      Class space:        1.00 GB reserved,      14.75 MB (  1%) committed,  1 nodes.
             Both:        1.09 GB reserved,     109.31 MB ( 10%) committed. 

Chunk freelists:
   Non-Class:  1.41 MB
       Class:  1.27 MB
        Both:  2.67 MB

MaxMetaspaceSize: unlimited
CompressedClassSpaceSize: 1.00 GB
Initial GC threshold: 21.00 MB
Current GC threshold: 153.12 MB
CDS: off
MetaspaceReclaimPolicy: balanced
 - commit_granule_bytes: 65536.
 - commit_granule_words: 8192.
 - virtual_space_node_default_size: 1048576.
 - enlarge_chunks_in_place: 1.
 - new_chunks_are_fully_committed: 0.
 - uncommit_free_chunks: 1.
 - use_allocation_guard: 0.
 - handle_deallocations: 1.


Internal statistics:

num_allocs_failed_limit: 6.
num_arena_births: 1266.
num_arena_deaths: 0.
num_vsnodes_births: 13.
num_vsnodes_deaths: 0.
num_space_committed: 1747.
num_space_uncommitted: 0.
num_chunks_returned_to_freelist: 6.
num_chunks_taken_from_freelist: 5444.
num_chunk_merges: 6.
num_chunk_splits: 3606.
num_chunks_enlarged: 2415.
num_purges: 0.
num_inconsistent_stats: 0.

CodeHeap 'non-profiled nmethods': size=120000Kb used=8437Kb max_used=8437Kb free=111562Kb
 bounds [0x0000022b52890000, 0x0000022b530d0000, 0x0000022b59dc0000]
CodeHeap 'profiled nmethods': size=120000Kb used=25635Kb max_used=25635Kb free=94364Kb
 bounds [0x0000022b4adc0000, 0x0000022b4c6d0000, 0x0000022b522f0000]
CodeHeap 'non-nmethods': size=5760Kb used=2414Kb max_used=2498Kb free=3345Kb
 bounds [0x0000022b522f0000, 0x0000022b52580000, 0x0000022b52890000]
 total_blobs=14023 nmethods=13072 adapters=863
 compilation: enabled
              stopped_count=0, restarted_count=0
 full_count=0

Compilation events (20 events):
Event: 903.294 Thread 0x0000022b6203aa00 15696       3       org.gradle.api.tasks.util.internal.CachingPatternSpecFactory$CachingSpec::isSatisfiedBy (9 bytes)
Event: 903.294 Thread 0x0000022b6203aa00 nmethod 15696 0x0000022b4c6c2b10 code [0x0000022b4c6c2cc0, 0x0000022b4c6c2f08]
Event: 903.294 Thread 0x0000022b6203aa00 15697   !   3       org.gradle.api.tasks.util.internal.CachingPatternSpecFactory$CachingSpec::isSatisfiedBy (40 bytes)
Event: 903.295 Thread 0x0000022b6203aa00 nmethod 15697 0x0000022b4c6c3010 code [0x0000022b4c6c3220, 0x0000022b4c6c3958]
Event: 903.295 Thread 0x0000022b6203aa00 15698       3       org.gradle.api.internal.file.pattern.HasPrefixAndSuffixPatternStep::matches (28 bytes)
Event: 903.296 Thread 0x0000022b6203aa00 nmethod 15698 0x0000022b4c6c3c90 code [0x0000022b4c6c3e40, 0x0000022b4c6c4098]
Event: 903.299 Thread 0x0000022b6203aa00 15699       3       org.gradle.api.internal.artifacts.configurations.DefaultConfiguration::runDependencyActions (78 bytes)
Event: 903.302 Thread 0x0000022b6203aa00 nmethod 15699 0x0000022b4c6c4190 code [0x0000022b4c6c43e0, 0x0000022b4c6c4eb8]
Event: 903.302 Thread 0x0000022b6203aa00 15700       3       org.gradle.internal.execution.steps.UpToDateResult::getReusedOutputOriginMetadata (8 bytes)
Event: 903.304 Thread 0x0000022b6203aa00 nmethod 15700 0x0000022b4c6c5190 code [0x0000022b4c6c5340, 0x0000022b4c6c5678]
Event: 903.304 Thread 0x0000022b6203aa00 15701       3       org.gradle.internal.resources.DefaultResourceLockCoordinationService::withStateLock (15 bytes)
Event: 903.304 Thread 0x0000022b6203aa00 nmethod 15701 0x0000022b4c6c5790 code [0x0000022b4c6c5940, 0x0000022b4c6c5c68]
Event: 903.305 Thread 0x0000022b6203aa00 15702       1       org.gradle.internal.build.event.types.AbstractProgressEvent::getEventTime (5 bytes)
Event: 903.305 Thread 0x0000022b6203aa00 nmethod 15702 0x0000022b530ccd10 code [0x0000022b530ccea0, 0x0000022b530ccf78]
Event: 903.309 Thread 0x0000022b6203aa00 15703       1       org.gradle.api.internal.tasks.properties.DefaultTaskProperties::getInputProperties (5 bytes)
Event: 903.309 Thread 0x0000022b6203aa00 nmethod 15703 0x0000022b530cd010 code [0x0000022b530cd1a0, 0x0000022b530cd278]
Event: 903.324 Thread 0x0000022b6203aa00 15704       3       org.gradle.api.internal.artifacts.transform.TransformationChain::<init> (15 bytes)
Event: 903.325 Thread 0x0000022b6203aa00 nmethod 15704 0x0000022b4c6c5d90 code [0x0000022b4c6c5f40, 0x0000022b4c6c6158]
Event: 903.409 Thread 0x0000022b6203aa00 15705       1       org.gradle.internal.operations.DefaultBuildOperationQueue::access$1000 (5 bytes)
Event: 903.410 Thread 0x0000022b6203aa00 nmethod 15705 0x0000022b530cd310 code [0x0000022b530cd4a0, 0x0000022b530cd558]

GC Heap History (20 events):
Event: 13.754 GC heap before
{Heap before GC invocations=36 (full 0):
 garbage-first heap   total 145408K, used 114653K [0x0000000080000000, 0x0000000100000000)
  region size 1024K, 53 young (54272K), 5 survivors (5120K)
 Metaspace       used 88292K, committed 88960K, reserved 1130496K
  class space    used 12143K, committed 12416K, reserved 1048576K
}
Event: 13.762 GC heap after
{Heap after GC invocations=37 (full 0):
 garbage-first heap   total 145408K, used 68317K [0x0000000080000000, 0x0000000100000000)
  region size 1024K, 6 young (6144K), 6 survivors (6144K)
 Metaspace       used 88292K, committed 88960K, reserved 1130496K
  class space    used 12143K, committed 12416K, reserved 1048576K
}
Event: 14.487 GC heap before
{Heap before GC invocations=37 (full 0):
 garbage-first heap   total 145408K, used 116445K [0x0000000080000000, 0x0000000100000000)
  region size 1024K, 53 young (54272K), 6 survivors (6144K)
 Metaspace       used 91635K, committed 92288K, reserved 1130496K
  class space    used 12565K, committed 12864K, reserved 1048576K
}
Event: 14.497 GC heap after
{Heap after GC invocations=38 (full 0):
 garbage-first heap   total 145408K, used 72650K [0x0000000080000000, 0x0000000100000000)
  region size 1024K, 7 young (7168K), 7 survivors (7168K)
 Metaspace       used 91635K, committed 92288K, reserved 1130496K
  class space    used 12565K, committed 12864K, reserved 1048576K
}
Event: 14.842 GC heap before
{Heap before GC invocations=38 (full 0):
 garbage-first heap   total 145408K, used 115658K [0x0000000080000000, 0x0000000100000000)
  region size 1024K, 50 young (51200K), 7 survivors (7168K)
 Metaspace       used 92556K, committed 93248K, reserved 1130496K
  class space    used 12636K, committed 12992K, reserved 1048576K
}
Event: 14.854 GC heap after
{Heap after GC invocations=39 (full 0):
 garbage-first heap   total 145408K, used 80609K [0x0000000080000000, 0x0000000100000000)
  region size 1024K, 7 young (7168K), 7 survivors (7168K)
 Metaspace       used 92556K, committed 93248K, reserved 1130496K
  class space    used 12636K, committed 12992K, reserved 1048576K
}
Event: 15.502 GC heap before
{Heap before GC invocations=40 (full 0):
 garbage-first heap   total 152576K, used 120545K [0x0000000080000000, 0x0000000100000000)
  region size 1024K, 42 young (43008K), 7 survivors (7168K)
 Metaspace       used 95436K, committed 96064K, reserved 1138688K
  class space    used 13066K, committed 13376K, reserved 1048576K
}
Event: 15.526 GC heap after
{Heap after GC invocations=41 (full 0):
 garbage-first heap   total 152576K, used 85861K [0x0000000080000000, 0x0000000100000000)
  region size 1024K, 5 young (5120K), 5 survivors (5120K)
 Metaspace       used 95436K, committed 96064K, reserved 1138688K
  class space    used 13066K, committed 13376K, reserved 1048576K
}
Event: 15.541 GC heap before
{Heap before GC invocations=41 (full 0):
 garbage-first heap   total 152576K, used 87909K [0x0000000080000000, 0x0000000100000000)
  region size 1024K, 7 young (7168K), 5 survivors (5120K)
 Metaspace       used 95443K, committed 96064K, reserved 1138688K
  class space    used 13067K, committed 13376K, reserved 1048576K
}
Event: 15.548 GC heap after
{Heap after GC invocations=42 (full 0):
 garbage-first heap   total 314368K, used 86394K [0x0000000080000000, 0x0000000100000000)
  region size 1024K, 1 young (1024K), 1 survivors (1024K)
 Metaspace       used 95443K, committed 96064K, reserved 1138688K
  class space    used 13067K, committed 13376K, reserved 1048576K
}
Event: 17.910 GC heap before
{Heap before GC invocations=42 (full 0):
 garbage-first heap   total 314368K, used 242042K [0x0000000080000000, 0x0000000100000000)
  region size 1024K, 154 young (157696K), 1 survivors (1024K)
 Metaspace       used 99059K, committed 99776K, reserved 1138688K
  class space    used 13520K, committed 13888K, reserved 1048576K
}
Event: 17.933 GC heap after
{Heap after GC invocations=43 (full 0):
 garbage-first heap   total 314368K, used 95626K [0x0000000080000000, 0x0000000100000000)
  region size 1024K, 10 young (10240K), 10 survivors (10240K)
 Metaspace       used 99059K, committed 99776K, reserved 1138688K
  class space    used 13520K, committed 13888K, reserved 1048576K
}
Event: 23.914 GC heap before
{Heap before GC invocations=43 (full 0):
 garbage-first heap   total 314368K, used 240010K [0x0000000080000000, 0x0000000100000000)
  region size 1024K, 152 young (155648K), 10 survivors (10240K)
 Metaspace       used 101249K, committed 101952K, reserved 1138688K
  class space    used 13764K, committed 14144K, reserved 1048576K
}
Event: 23.955 GC heap after
{Heap after GC invocations=44 (full 0):
 garbage-first heap   total 314368K, used 109403K [0x0000000080000000, 0x0000000100000000)
  region size 1024K, 16 young (16384K), 16 survivors (16384K)
 Metaspace       used 101249K, committed 101952K, reserved 1138688K
  class space    used 13764K, committed 14144K, reserved 1048576K
}
Event: 887.895 GC heap before
{Heap before GC invocations=44 (full 0):
 garbage-first heap   total 314368K, used 258907K [0x0000000080000000, 0x0000000100000000)
  region size 1024K, 145 young (148480K), 16 survivors (16384K)
 Metaspace       used 108203K, committed 108928K, reserved 1146880K
  class space    used 14463K, committed 14848K, reserved 1048576K
}
Event: 888.398 GC heap after
{Heap after GC invocations=45 (full 0):
 garbage-first heap   total 314368K, used 107835K [0x0000000080000000, 0x0000000100000000)
  region size 1024K, 5 young (5120K), 5 survivors (5120K)
 Metaspace       used 108203K, committed 108928K, reserved 1146880K
  class space    used 14463K, committed 14848K, reserved 1048576K
}
Event: 899.175 GC heap before
{Heap before GC invocations=45 (full 0):
 garbage-first heap   total 314368K, used 199995K [0x0000000080000000, 0x0000000100000000)
  region size 1024K, 93 young (95232K), 5 survivors (5120K)
 Metaspace       used 109643K, committed 110400K, reserved 1146880K
  class space    used 14564K, committed 14912K, reserved 1048576K
}
Event: 899.332 GC heap after
{Heap after GC invocations=46 (full 0):
 garbage-first heap   total 314368K, used 135081K [0x0000000080000000, 0x0000000100000000)
  region size 1024K, 12 young (12288K), 12 survivors (12288K)
 Metaspace       used 109643K, committed 110400K, reserved 1146880K
  class space    used 14564K, committed 14912K, reserved 1048576K
}
Event: 902.500 GC heap before
{Heap before GC invocations=46 (full 0):
 garbage-first heap   total 314368K, used 176041K [0x0000000080000000, 0x0000000100000000)
  region size 1024K, 28 young (28672K), 12 survivors (12288K)
 Metaspace       used 110600K, committed 111424K, reserved 1146880K
  class space    used 14652K, committed 15040K, reserved 1048576K
}
Event: 902.600 GC heap after
{Heap after GC invocations=47 (full 0):
 garbage-first heap   total 314368K, used 140001K [0x0000000080000000, 0x0000000100000000)
  region size 1024K, 4 young (4096K), 4 survivors (4096K)
 Metaspace       used 110600K, committed 111424K, reserved 1146880K
  class space    used 14652K, committed 15040K, reserved 1048576K
}

Dll operation events (3 events):
Event: 0.032 Loaded shared library C:\Program Files\Android\Android Studio\jbr\bin\java.dll
Event: 0.227 Loaded shared library C:\Program Files\Android\Android Studio\jbr\bin\zip.dll
Event: 0.566 Loaded shared library C:\Program Files\Android\Android Studio\jbr\bin\verify.dll

Deoptimization events (20 events):
Event: 902.640 Thread 0x0000022b6b516560 Uncommon trap: trap_request=0xffffffc6 fr.pc=0x0000022b52efa1b0 relative=0x0000000000000110
Event: 902.640 Thread 0x0000022b6b516560 Uncommon trap: reason=bimorphic_or_optimized_type_check action=maybe_recompile pc=0x0000022b52efa1b0 method=com.google.common.collect.ImmutableList$1.get(I)Ljava/lang/Object; @ 5 c2
Event: 902.640 Thread 0x0000022b6b516560 DEOPT PACKING pc=0x0000022b52efa1b0 sp=0x000000e102ffe110
Event: 902.640 Thread 0x0000022b6b516560 DEOPT UNPACKING pc=0x0000022b523469a3 sp=0x000000e102ffe098 mode 2
Event: 902.640 Thread 0x0000022b6b516560 Uncommon trap: trap_request=0xffffffc6 fr.pc=0x0000022b52efa1b0 relative=0x0000000000000110
Event: 902.640 Thread 0x0000022b6b516560 Uncommon trap: reason=bimorphic_or_optimized_type_check action=maybe_recompile pc=0x0000022b52efa1b0 method=com.google.common.collect.ImmutableList$1.get(I)Ljava/lang/Object; @ 5 c2
Event: 902.640 Thread 0x0000022b6b516560 DEOPT PACKING pc=0x0000022b52efa1b0 sp=0x000000e102ffe110
Event: 902.640 Thread 0x0000022b6b516560 DEOPT UNPACKING pc=0x0000022b523469a3 sp=0x000000e102ffe098 mode 2
Event: 902.640 Thread 0x0000022b6b516560 Uncommon trap: trap_request=0xffffffc6 fr.pc=0x0000022b52efa1b0 relative=0x0000000000000110
Event: 902.640 Thread 0x0000022b6b516560 Uncommon trap: reason=bimorphic_or_optimized_type_check action=maybe_recompile pc=0x0000022b52efa1b0 method=com.google.common.collect.ImmutableList$1.get(I)Ljava/lang/Object; @ 5 c2
Event: 902.640 Thread 0x0000022b6b516560 DEOPT PACKING pc=0x0000022b52efa1b0 sp=0x000000e102ffe110
Event: 902.640 Thread 0x0000022b6b516560 DEOPT UNPACKING pc=0x0000022b523469a3 sp=0x000000e102ffe098 mode 2
Event: 902.640 Thread 0x0000022b6b516560 Uncommon trap: trap_request=0xffffffc6 fr.pc=0x0000022b52efa1b0 relative=0x0000000000000110
Event: 902.640 Thread 0x0000022b6b516560 Uncommon trap: reason=bimorphic_or_optimized_type_check action=maybe_recompile pc=0x0000022b52efa1b0 method=com.google.common.collect.ImmutableList$1.get(I)Ljava/lang/Object; @ 5 c2
Event: 902.640 Thread 0x0000022b6b516560 DEOPT PACKING pc=0x0000022b52efa1b0 sp=0x000000e102ffe110
Event: 902.640 Thread 0x0000022b6b516560 DEOPT UNPACKING pc=0x0000022b523469a3 sp=0x000000e102ffe098 mode 2
Event: 902.993 Thread 0x0000022b6b516090 Uncommon trap: trap_request=0xffffffc6 fr.pc=0x0000022b52d013c8 relative=0x0000000000000228
Event: 902.993 Thread 0x0000022b6b516090 Uncommon trap: reason=bimorphic_or_optimized_type_check action=maybe_recompile pc=0x0000022b52d013c8 method=kotlin.comparisons.ComparisonsKt__ComparisonsKt.compareValues(Ljava/lang/Comparable;Ljava/lang/Comparable;)I @ 21 c2
Event: 902.993 Thread 0x0000022b6b516090 DEOPT PACKING pc=0x0000022b52d013c8 sp=0x000000e102dfd850
Event: 902.993 Thread 0x0000022b6b516090 DEOPT UNPACKING pc=0x0000022b523469a3 sp=0x000000e102dfd7e8 mode 2

Classes unloaded (0 events):
No events

Classes redefined (0 events):
No events

Internal exceptions (20 events):
Event: 32.685 Thread 0x0000022b64c2e420 Implicit null exception at 0x0000022b52cc72f2 to 0x0000022b52cc7a24
Event: 885.960 Thread 0x0000022b67a6ae60 Exception <a 'sun/nio/fs/WindowsException'{0x000000008bf9d508}> (0x000000008bf9d508) 
thrown [s\src\hotspot\share\prims\jni.cpp, line 517]
Event: 885.968 Thread 0x0000022b67a6ae60 Exception <a 'sun/nio/fs/WindowsException'{0x000000008bf9ea90}> (0x000000008bf9ea90) 
thrown [s\src\hotspot\share\prims\jni.cpp, line 517]
Event: 885.971 Thread 0x0000022b67a6ae60 Exception <a 'sun/nio/fs/WindowsException'{0x000000008bfa0018}> (0x000000008bfa0018) 
thrown [s\src\hotspot\share\prims\jni.cpp, line 517]
Event: 885.982 Thread 0x0000022b67a6ae60 Exception <a 'sun/nio/fs/WindowsException'{0x000000008bfa15a0}> (0x000000008bfa15a0) 
thrown [s\src\hotspot\share\prims\jni.cpp, line 517]
Event: 891.211 Thread 0x0000022b67a6ae60 Exception <a 'sun/nio/fs/WindowsException'{0x000000009232e8e0}> (0x000000009232e8e0) 
thrown [s\src\hotspot\share\prims\jni.cpp, line 517]
Event: 892.096 Thread 0x0000022b67a6ae60 Exception <a 'java/lang/NoClassDefFoundError'{0x0000000091e66c00}: org/jetbrains/kotlin/gradle/plugin/KotlinBasePluginWrapper> (0x0000000091e66c00) 
thrown [s\src\hotspot\share\oops\constantPool.cpp, line 835]
Event: 892.923 Thread 0x0000022b67a6ae60 Exception <a 'sun/nio/fs/WindowsException'{0x0000000091b59000}> (0x0000000091b59000) 
thrown [s\src\hotspot\share\prims\jni.cpp, line 517]
Event: 893.037 Thread 0x0000022b67a6ae60 Exception <a 'sun/nio/fs/WindowsException'{0x0000000091bfb888}> (0x0000000091bfb888) 
thrown [s\src\hotspot\share\prims\jni.cpp, line 517]
Event: 893.039 Thread 0x0000022b67a6ae60 Exception <a 'sun/nio/fs/WindowsException'{0x0000000091bfcc30}> (0x0000000091bfcc30) 
thrown [s\src\hotspot\share\prims\jni.cpp, line 517]
Event: 893.041 Thread 0x0000022b67a6ae60 Exception <a 'sun/nio/fs/WindowsException'{0x0000000091bfe028}> (0x0000000091bfe028) 
thrown [s\src\hotspot\share\prims\jni.cpp, line 517]
Event: 893.042 Thread 0x0000022b67a6ae60 Exception <a 'sun/nio/fs/WindowsException'{0x0000000091bff420}> (0x0000000091bff420) 
thrown [s\src\hotspot\share\prims\jni.cpp, line 517]
Event: 893.461 Thread 0x0000022b67a6ae60 Exception <a 'sun/nio/fs/WindowsException'{0x0000000091763e30}> (0x0000000091763e30) 
thrown [s\src\hotspot\share\prims\jni.cpp, line 517]
Event: 893.550 Thread 0x0000022b657f0a70 Exception <a 'sun/nio/fs/WindowsException'{0x00000000916adff0}> (0x00000000916adff0) 
thrown [s\src\hotspot\share\prims\jni.cpp, line 517]
Event: 894.835 Thread 0x0000022b657f0a70 Exception <a 'sun/nio/fs/WindowsException'{0x0000000090832650}> (0x0000000090832650) 
thrown [s\src\hotspot\share\prims\jni.cpp, line 517]
Event: 894.835 Thread 0x0000022b657f0a70 Exception <a 'sun/nio/fs/WindowsException'{0x0000000090832a40}> (0x0000000090832a40) 
thrown [s\src\hotspot\share\prims\jni.cpp, line 517]
Event: 901.491 Thread 0x0000022b657f0a70 Exception <a 'java/lang/NoSuchMethodError'{0x0000000092caa5b0}: static Lcom/android/ide/common/resources/CompileResourceRequest;.<clinit>()V> (0x0000000092caa5b0) 
thrown [s\src\hotspot\share\prims\jni.cpp, line 1108]
Event: 901.829 Thread 0x0000022b657f0a70 Exception <a 'java/lang/NoSuchMethodError'{0x0000000092b6aef8}: static Lkotlin/InitializedLazyImpl;.<clinit>()V> (0x0000000092b6aef8) 
thrown [s\src\hotspot\share\prims\jni.cpp, line 1108]
Event: 903.210 Thread 0x0000022b657f52a0 Exception <a 'sun/nio/fs/WindowsException'{0x0000000092cf9b78}> (0x0000000092cf9b78) 
thrown [s\src\hotspot\share\prims\jni.cpp, line 517]
Event: 903.283 Thread 0x0000022b657f52a0 Exception <a 'sun/nio/fs/WindowsException'{0x0000000092afe668}> (0x0000000092afe668) 
thrown [s\src\hotspot\share\prims\jni.cpp, line 517]

VM Operations (20 events):
Event: 894.764 Executing VM operation: HandshakeAllThreads
Event: 894.765 Executing VM operation: HandshakeAllThreads done
Event: 895.765 Executing VM operation: Cleanup
Event: 895.782 Executing VM operation: Cleanup done
Event: 896.783 Executing VM operation: Cleanup
Event: 896.783 Executing VM operation: Cleanup done
Event: 897.396 Executing VM operation: HandshakeAllThreads
Event: 897.396 Executing VM operation: HandshakeAllThreads done
Event: 898.396 Executing VM operation: Cleanup
Event: 898.396 Executing VM operation: Cleanup done
Event: 898.515 Executing VM operation: HandshakeAllThreads
Event: 898.515 Executing VM operation: HandshakeAllThreads done
Event: 899.173 Executing VM operation: G1CollectForAllocation
Event: 899.332 Executing VM operation: G1CollectForAllocation done
Event: 901.332 Executing VM operation: Cleanup
Event: 901.334 Executing VM operation: Cleanup done
Event: 902.119 Executing VM operation: HandshakeAllThreads
Event: 902.121 Executing VM operation: HandshakeAllThreads done
Event: 902.495 Executing VM operation: G1CollectForAllocation
Event: 902.605 Executing VM operation: G1CollectForAllocation done

Events (20 events):
Event: 902.180 loading class com/sun/org/apache/xerces/internal/util/NamespaceSupport$Prefixes
Event: 902.180 loading class com/sun/org/apache/xerces/internal/util/NamespaceSupport$Prefixes done
Event: 902.191 loading class com/sun/xml/internal/stream/util/ReadOnlyIterator
Event: 902.191 loading class com/sun/xml/internal/stream/util/ReadOnlyIterator done
Event: 902.359 Thread 0x0000022b6b516560 Thread added: 0x0000022b6b516560
Event: 902.489 loading class com/sun/xml/internal/stream/events/CharacterEvent
Event: 902.490 loading class javax/xml/stream/events/Characters
Event: 902.491 loading class javax/xml/stream/events/Characters done
Event: 902.491 loading class com/sun/xml/internal/stream/events/CharacterEvent done
Event: 902.822 loading class com/sun/xml/internal/stream/events/EndElementEvent
Event: 902.829 loading class javax/xml/stream/events/EndElement
Event: 902.830 loading class javax/xml/stream/events/EndElement done
Event: 902.830 loading class com/sun/xml/internal/stream/events/EndElementEvent done
Event: 903.374 Thread 0x0000022b6b5190b0 Thread added: 0x0000022b6b5190b0
Event: 903.374 Thread 0x0000022b6b516a30 Thread added: 0x0000022b6b516a30
Event: 903.377 Thread 0x0000022b6b518240 Thread added: 0x0000022b6b518240
Event: 903.378 Thread 0x0000022b6b513540 Thread added: 0x0000022b6b513540
Event: 903.387 Thread 0x0000022b6b514880 Thread added: 0x0000022b6b514880
Event: 903.392 Thread 0x0000022b6b5173d0 Thread added: 0x0000022b6b5173d0
Event: 903.393 Thread 0x0000022b6b513a10 Thread added: 0x0000022b6b513a10


Dynamic libraries:
0x00007ff7a7920000 - 0x00007ff7a792a000 	C:\Program Files\Android\Android Studio\jbr\bin\java.exe
0x00007ffa8d7f0000 - 0x00007ffa8d9e8000 	C:\Windows\SYSTEM32\ntdll.dll
0x00007ffa8ca50000 - 0x00007ffa8cb0d000 	C:\Windows\System32\KERNEL32.DLL
0x00007ffa8afa0000 - 0x00007ffa8b296000 	C:\Windows\System32\KERNELBASE.dll
0x00007ffa8b400000 - 0x00007ffa8b500000 	C:\Windows\System32\ucrtbase.dll
0x00007ffa71db0000 - 0x00007ffa71dc7000 	C:\Program Files\Android\Android Studio\jbr\bin\jli.dll
0x00007ffa86310000 - 0x00007ffa8632b000 	C:\Program Files\Android\Android Studio\jbr\bin\VCRUNTIME140.dll
0x00007ffa8d590000 - 0x00007ffa8d72e000 	C:\Windows\System32\USER32.dll
0x00007ffa8aed0000 - 0x00007ffa8aef2000 	C:\Windows\System32\win32u.dll
0x00007ffa8c8b0000 - 0x00007ffa8c8db000 	C:\Windows\System32\GDI32.dll
0x00007ffa8b500000 - 0x00007ffa8b617000 	C:\Windows\System32\gdi32full.dll
0x00007ffa75d80000 - 0x00007ffa7601a000 	C:\Windows\WinSxS\amd64_microsoft.windows.common-controls_6595b64144ccf1df_6.0.19041.3636_none_60b6a03d71f818d5\COMCTL32.dll
0x00007ffa8af00000 - 0x00007ffa8af9d000 	C:\Windows\System32\msvcp_win.dll
0x00007ffa8c6f0000 - 0x00007ffa8c78e000 	C:\Windows\System32\msvcrt.dll
0x00007ffa8ccd0000 - 0x00007ffa8cd02000 	C:\Windows\System32\IMM32.DLL
0x00007ffa86370000 - 0x00007ffa8637c000 	C:\Program Files\Android\Android Studio\jbr\bin\vcruntime140_1.dll
0x00007ffa6d310000 - 0x00007ffa6d39d000 	C:\Program Files\Android\Android Studio\jbr\bin\msvcp140.dll
0x00007ffa4e010000 - 0x00007ffa4ec7e000 	C:\Program Files\Android\Android Studio\jbr\bin\server\jvm.dll
0x00007ffa8b900000 - 0x00007ffa8b9b0000 	C:\Windows\System32\ADVAPI32.dll
0x00007ffa8c940000 - 0x00007ffa8c9e0000 	C:\Windows\System32\sechost.dll
0x00007ffa8c260000 - 0x00007ffa8c385000 	C:\Windows\System32\RPCRT4.dll
0x00007ffa8aea0000 - 0x00007ffa8aec7000 	C:\Windows\System32\bcrypt.dll
0x00007ffa74da0000 - 0x00007ffa74dc7000 	C:\Windows\SYSTEM32\WINMM.dll
0x00007ffa841e0000 - 0x00007ffa841ea000 	C:\Windows\SYSTEM32\VERSION.dll
0x00007ffa805a0000 - 0x00007ffa805a9000 	C:\Windows\SYSTEM32\WSOCK32.dll
0x00007ffa8c9e0000 - 0x00007ffa8ca4b000 	C:\Windows\System32\WS2_32.dll
0x00007ffa896e0000 - 0x00007ffa896f2000 	C:\Windows\SYSTEM32\kernel.appcore.dll
0x00007ffa84fe0000 - 0x00007ffa84fea000 	C:\Program Files\Android\Android Studio\jbr\bin\jimage.dll
0x00007ffa88c30000 - 0x00007ffa88e14000 	C:\Windows\SYSTEM32\DBGHELP.DLL
0x00007ffa73e50000 - 0x00007ffa73e84000 	C:\Windows\SYSTEM32\dbgcore.DLL
0x00007ffa8b790000 - 0x00007ffa8b812000 	C:\Windows\System32\bcryptPrimitives.dll
0x00007ffa74e20000 - 0x00007ffa74e2e000 	C:\Program Files\Android\Android Studio\jbr\bin\instrument.dll
0x00007ffa84fb0000 - 0x00007ffa84fd5000 	C:\Program Files\Android\Android Studio\jbr\bin\java.dll
0x00007ffa83a50000 - 0x00007ffa83a68000 	C:\Program Files\Android\Android Studio\jbr\bin\zip.dll
0x00007ffa8cd70000 - 0x00007ffa8d4db000 	C:\Windows\System32\SHELL32.dll
0x00007ffa88e20000 - 0x00007ffa895be000 	C:\Windows\SYSTEM32\windows.storage.dll
0x00007ffa8c390000 - 0x00007ffa8c6e3000 	C:\Windows\System32\combase.dll
0x00007ffa8a8d0000 - 0x00007ffa8a8fe000 	C:\Windows\SYSTEM32\Wldp.dll
0x00007ffa8b820000 - 0x00007ffa8b8ed000 	C:\Windows\System32\OLEAUT32.dll
0x00007ffa8d4e0000 - 0x00007ffa8d58d000 	C:\Windows\System32\SHCORE.dll
0x00007ffa8b9b0000 - 0x00007ffa8ba05000 	C:\Windows\System32\shlwapi.dll
0x00007ffa8add0000 - 0x00007ffa8adf5000 	C:\Windows\SYSTEM32\profapi.dll
0x00007ffa83a30000 - 0x00007ffa83a49000 	C:\Program Files\Android\Android Studio\jbr\bin\net.dll
0x00007ffa82530000 - 0x00007ffa8263a000 	C:\Windows\SYSTEM32\WINHTTP.dll
0x00007ffa8a630000 - 0x00007ffa8a69a000 	C:\Windows\system32\mswsock.dll
0x00007ffa73c00000 - 0x00007ffa73c16000 	C:\Program Files\Android\Android Studio\jbr\bin\nio.dll
0x00007ffa84fa0000 - 0x00007ffa84fb0000 	C:\Program Files\Android\Android Studio\jbr\bin\verify.dll
0x00007ffa590d0000 - 0x00007ffa590f7000 	C:\Users\PV LONG\.gradle\native\68d5fa5c4cc2d200863cafc0d521ce42e7d3e7ee720ec0a83991735586a16f82\windows-amd64\native-platform.dll
0x00007ffa3f8b0000 - 0x00007ffa3f9f4000 	C:\Users\PV LONG\.gradle\native\e376f236ea51e6404a007f0833ffe2c6e607c4080706a723a18a27aeea778392\windows-amd64\native-platform-file-events.dll
0x00007ffa83a20000 - 0x00007ffa83a29000 	C:\Program Files\Android\Android Studio\jbr\bin\management.dll
0x00007ffa75b30000 - 0x00007ffa75b3b000 	C:\Program Files\Android\Android Studio\jbr\bin\management_ext.dll
0x00007ffa8b8f0000 - 0x00007ffa8b8f8000 	C:\Windows\System32\PSAPI.DLL
0x00007ffa8a830000 - 0x00007ffa8a848000 	C:\Windows\SYSTEM32\CRYPTSP.dll
0x00007ffa89ef0000 - 0x00007ffa89f24000 	C:\Windows\system32\rsaenh.dll
0x00007ffa8ad90000 - 0x00007ffa8adbe000 	C:\Windows\SYSTEM32\USERENV.dll
0x00007ffa8a820000 - 0x00007ffa8a82c000 	C:\Windows\SYSTEM32\CRYPTBASE.dll
0x00007ffa8a2d0000 - 0x00007ffa8a30b000 	C:\Windows\SYSTEM32\IPHLPAPI.DLL
0x00007ffa8c840000 - 0x00007ffa8c848000 	C:\Windows\System32\NSI.dll
0x00007ffa841b0000 - 0x00007ffa841c7000 	C:\Windows\SYSTEM32\dhcpcsvc6.DLL
0x00007ffa84190000 - 0x00007ffa841ad000 	C:\Windows\SYSTEM32\dhcpcsvc.DLL
0x00007ffa8a320000 - 0x00007ffa8a3eb000 	C:\Windows\SYSTEM32\DNSAPI.dll
0x00007ffa74d00000 - 0x00007ffa74d07000 	C:\Windows\system32\wshunix.dll
0x00007ffa8a010000 - 0x00007ffa8a043000 	C:\Windows\SYSTEM32\ntmarta.dll

dbghelp: loaded successfully - version: 4.0.5 - missing functions: none
symbol engine: initialized successfully - sym options: 0x614 - pdb path: .;C:\Program Files\Android\Android Studio\jbr\bin;C:\Windows\SYSTEM32;C:\Windows\WinSxS\amd64_microsoft.windows.common-controls_6595b64144ccf1df_6.0.19041.3636_none_60b6a03d71f818d5;C:\Program Files\Android\Android Studio\jbr\bin\server;C:\Users\PV LONG\.gradle\native\68d5fa5c4cc2d200863cafc0d521ce42e7d3e7ee720ec0a83991735586a16f82\windows-amd64;C:\Users\PV LONG\.gradle\native\e376f236ea51e6404a007f0833ffe2c6e607c4080706a723a18a27aeea778392\windows-amd64

VM Arguments:
jvm_args: --add-opens=java.base/java.util=ALL-UNNAMED --add-opens=java.base/java.lang=ALL-UNNAMED --add-opens=java.base/java.lang.invoke=ALL-UNNAMED --add-opens=java.prefs/java.util.prefs=ALL-UNNAMED --add-opens=java.base/java.nio.charset=ALL-UNNAMED --add-opens=java.base/java.net=ALL-UNNAMED --add-opens=java.base/java.util.concurrent.atomic=ALL-UNNAMED -Xmx2048m -Dfile.encoding=UTF-8 -Duser.country=US -Duser.language=en -Duser.variant -javaagent:C:\Users\PV LONG\.gradle\wrapper\dists\gradle-8.2-bin\bbg7u40eoinfdyxsxr3z4i7ta\gradle-8.2\lib\agents\gradle-instrumentation-agent-8.2.jar 
java_command: org.gradle.launcher.daemon.bootstrap.GradleDaemon 8.2
java_class_path (initial): C:\Users\PV LONG\.gradle\wrapper\dists\gradle-8.2-bin\bbg7u40eoinfdyxsxr3z4i7ta\gradle-8.2\lib\gradle-launcher-8.2.jar
Launcher Type: SUN_STANDARD

[Global flags]
     intx CICompilerCount                          = 4                                         {product} {ergonomic}
     uint ConcGCThreads                            = 2                                         {product} {ergonomic}
     uint G1ConcRefinementThreads                  = 8                                         {product} {ergonomic}
   size_t G1HeapRegionSize                         = 1048576                                   {product} {ergonomic}
    uintx GCDrainStackTargetSize                   = 64                                        {product} {ergonomic}
   size_t InitialHeapSize                          = 134217728                                 {product} {ergonomic}
   size_t MarkStackSize                            = 4194304                                   {product} {ergonomic}
   size_t MaxHeapSize                              = 2147483648                                {product} {command line}
   size_t MaxNewSize                               = 1287651328                                {product} {ergonomic}
   size_t MinHeapDeltaBytes                        = 1048576                                   {product} {ergonomic}
   size_t MinHeapSize                              = 8388608                                   {product} {ergonomic}
    uintx NonNMethodCodeHeapSize                   = 5839372                                {pd product} {ergonomic}
    uintx NonProfiledCodeHeapSize                  = 122909434                              {pd product} {ergonomic}
    uintx ProfiledCodeHeapSize                     = 122909434                              {pd product} {ergonomic}
    uintx ReservedCodeCacheSize                    = 251658240                              {pd product} {ergonomic}
     bool SegmentedCodeCache                       = true                                      {product} {ergonomic}
   size_t SoftMaxHeapSize                          = 2147483648                             {manageable} {ergonomic}
     bool UseCompressedClassPointers               = true                           {product lp64_product} {ergonomic}
     bool UseCompressedOops                        = true                           {product lp64_product} {ergonomic}
     bool UseG1GC                                  = true                                      {product} {ergonomic}
     bool UseLargePagesIndividualAllocation        = false                                  {pd product} {ergonomic}

Logging:
Log output configuration:
 #0: stdout all=warning uptime,level,tags
 #1: stderr all=off uptime,level,tags

Environment Variables:
JAVA_HOME=C:\Program Files\Java\jdk-21
PATH=C:\Program Files\Common Files\Oracle\Java\javapath;C:\Windows\system32;C:\Windows;C:\Windows\System32\Wbem;C:\Windows\System32\WindowsPowerShell\v1.0\;C:\Windows\System32\OpenSSH\;C:\Program Files\Git\cmd;C:\Program Files\nodejs\;C:\Program Files\Java\jdk-21\bin;D:\laragon\bin\php\php-8.1.10-Win32-vs16-x64;C:\composer;D:\php\PhpStorm 2023.3.5;C:\Users\PV LONG\AppData\Local\Programs\Microsoft VS Code\bin;C:\Users\PV LONG\AppData\Roaming\npm;C:\Program Files\JetBrains\PhpStorm 2023.3.5\bin;C:\Users\PV LONG\AppData\Local\JetBrains\Toolbox\scripts;D:\php\PhpStorm 2023.3.5\bin;;D:\php\PhpStorm 2023.3.5;C:\Users\PV LONG\AppData\Roaming\Composer\vendor\bin
USERNAME=PV LONG
OS=Windows_NT
PROCESSOR_IDENTIFIER=Intel64 Family 6 Model 142 Stepping 12, GenuineIntel
TMP=C:\Users\PVLONG~1\AppData\Local\Temp
TEMP=C:\Users\PVLONG~1\AppData\Local\Temp


JNI global refs:
JNI global refs: 27, weak refs: 8

JNI global refs memory usage: 843, weak refs: 841


---------------  S Y S T E M  ---------------

OS:
 Windows 10 , 64 bit Build 19041 (10.0.19041.3636)
OS uptime: 0 days 3:35 hours

CPU: total 8 (initial active 8) (4 cores per cpu, 2 threads per core) family 6 model 142 stepping 12 microcode 0xf8, cx8, cmov, fxsr, ht, mmx, 3dnowpref, sse, sse2, sse3, ssse3, sse4.1, sse4.2, popcnt, lzcnt, tsc, tscinvbit, avx, avx2, aes, erms, clmul, bmi1, bmi2, adx, fma, vzeroupper, clflush, clflushopt

Memory: 4k page, system-wide physical 8067M (68M free)
TotalPageFile size 19392M (AvailPageFile size 28M)
current process WorkingSet (physical memory assigned to process): 338M, peak: 434M
current process commit charge ("private bytes"): 622M, peak: 639M

vm_info: OpenJDK 64-Bit Server VM (17.0.6+0-b2043.56-10027231) for windows-amd64 JRE (17.0.6+0-b2043.56-10027231), built on Apr 28 2023 00:43:19 by "androidbuild" with MS VC++ 16.10 / 16.11 (VS2019)

END.
